#
# A fatal error has been detected by the Java Runtime Environment:
#
#  SIGSEGV (0xb) at pc=0x00007fad04c19718, pid=4613, tid=140381424830208
#
# JRE version: OpenJDK Runtime Environment (7.0_85-b01) (build 1.7.0_85-b01)
# Java VM: OpenJDK 64-Bit Server VM (24.85-b03 mixed mode linux-amd64 compressed oops)
# Derivative: IcedTea 2.6.1
# Distribution: Ubuntu 14.04 LTS, package 7u85-2.6.1-5ubuntu0.14.04.1
# Problematic frame:
# C  [libgobject-2.0.so.0+0x19718]  g_object_get_qdata+0x18
#
# Failed to write core dump. Core dumps have been disabled. To enable core dumping, try "ulimit -c unlimited" before starting Java again
#
# If you would like to submit a bug report, please include
# instructions on how to reproduce the bug and visit:
#   http://icedtea.classpath.org/bugzilla
# The crash happened outside the Java Virtual Machine in native code.
# See problematic frame for where to report the bug.
#

---------------  T H R E A D  ---------------

Current thread (0x00007fad1000a000):  JavaThread "main" [_thread_in_native, id=4656, stack(0x00007fad18e5c000,0x00007fad18f5d000)]

siginfo:si_signo=SIGSEGV: si_errno=0, si_code=1 (SEGV_MAPERR), si_addr=0x0000000000000e00

Registers:
RAX=0x0000000000000e00, RBX=0x00007fad105c0920, RCX=0x0000000000000033, RDX=0x00007fad105c0920
RSP=0x00007fad18f5a480, RBP=0x0000000000000033, RSI=0x0000000000000033, RDI=0x00007fad105c0920
R8 =0x00000000fbccaff0, R9 =0x0000000000000000, R10=0x00007fad0d157964, R11=0x00007fad0d157938
R12=0x0000000000000000, R13=0x00007fad18f5a508, R14=0x00007fad18f5a4e0, R15=0x00007fad1000a000
RIP=0x00007fad04c19718, EFLAGS=0x0000000000010206, CSGSFS=0x0000000000000033, ERR=0x0000000000000004
  TRAPNO=0x000000000000000e

Top of Stack: (sp=0x00007fad18f5a480)
0x00007fad18f5a480:   00007fad105c1440 00000000e5e5e0d8
0x00007fad18f5a490:   00007fad18f5a4f0 00007fad0765f323
0x00007fad18f5a4a0:   00007fad18f5a500 00007fad0d1579d6
0x00007fad18f5a4b0:   00007fad18f5a4b0 00000000e5f28ce8
0x00007fad18f5a4c0:   00007fad18f5a500 00000000e65c53e0
0x00007fad18f5a4d0:   0000000000000000 00000000e5f28cf0
0x00007fad18f5a4e0:   00000000f03d3e58 00007fad18f5a500
0x00007fad18f5a4f0:   00007fad18f5a560 00007fad0d006175
0x00007fad18f5a500:   00007fad0d006175 0000000000000033
0x00007fad18f5a510:   00007fad105c0920 0000000000000001
0x00007fad18f5a520:   00007fad18f5a520 00000000e5e5e1b1
0x00007fad18f5a530:   00007fad18f5a5a0 00000000e5ed2700
0x00007fad18f5a540:   00000000e688f650 00000000e5e5e1d8
0x00007fad18f5a550:   00007fad18f5a508 00007fad18f5a590
0x00007fad18f5a560:   00007fad18f5a5e8 00007fad0d006175
0x00007fad18f5a570:   0000000000000000 0000000000000000
0x00007fad18f5a580:   0000000000000000 0000000000000000
0x00007fad18f5a590:   0000000000000033 00007fad105c0920
0x00007fad18f5a5a0:   0000000000000000 00007fad18f5a5a8
0x00007fad18f5a5b0:   00000000e5e29ceb 00007fad18f5a618
0x00007fad18f5a5c0:   00000000e5e32788 0000000000000000
0x00007fad18f5a5d0:   00000000e5e29d30 00007fad18f5a590
0x00007fad18f5a5e0:   00007fad18f5a608 00007fad18f5a660
0x00007fad18f5a5f0:   00007fad0d006233 0000000000000000
0x00007fad18f5a600:   0000000000000000 00007fad105c0920
0x00007fad18f5a610:   00007fad105c0920 00000000fbd183c8
0x00007fad18f5a620:   00007fad18f5a620 00000000e6867295
0x00007fad18f5a630:   00007fad18f5a680 00000000e686d998
0x00007fad18f5a640:   0000000000000000 00000000e68672d8
0x00007fad18f5a650:   00007fad18f5a608 00007fad18f5a680
0x00007fad18f5a660:   00007fad18f5a6c8 00007fad0d006058
0x00007fad18f5a670:   0000000000000000 0000000000000000 

Instructions: (pc=0x00007fad04c19718)
0x00007fad04c196f8:   0f 1f 84 00 00 00 00 00 55 53 48 89 fb 48 83 ec
0x00007fad04c19708:   08 48 85 ff 74 21 48 8b 07 89 f5 48 85 c0 74 06
0x00007fad04c19718:   48 83 38 50 74 3a be 50 00 00 00 48 89 df e8 05
0x00007fad04c19728:   86 01 00 85 c0 75 29 48 8d 15 30 1e 02 00 48 8d 

Register to memory mapping:

RAX=0x0000000000000e00 is an unknown value
RBX=0x00007fad105c0920 is an unknown value
RCX=0x0000000000000033 is an unknown value
RDX=0x00007fad105c0920 is an unknown value
RSP=0x00007fad18f5a480 is pointing into the stack for thread: 0x00007fad1000a000
RBP=0x0000000000000033 is an unknown value
RSI=0x0000000000000033 is an unknown value
RDI=0x00007fad105c0920 is an unknown value
R8 =0x00000000fbccaff0 is an oop
java.lang.Thread 
 - klass: 'java/lang/Thread'
R9 =0x0000000000000000 is an unknown value
R10=0x00007fad0d157964 is at entry_point+68 in (nmethod*)0x00007fad0d157790
R11=0x00007fad0d157938 is at entry_point+24 in (nmethod*)0x00007fad0d157790
R12=0x0000000000000000 is an unknown value
R13=0x00007fad18f5a508 is pointing into the stack for thread: 0x00007fad1000a000
R14=0x00007fad18f5a4e0 is pointing into the stack for thread: 0x00007fad1000a000
R15=0x00007fad1000a000 is a thread


Stack: [0x00007fad18e5c000,0x00007fad18f5d000],  sp=0x00007fad18f5a480,  free space=1017k
Native frames: (J=compiled Java code, j=interpreted, Vv=VM code, C=native code)
C  [libgobject-2.0.so.0+0x19718]  g_object_get_qdata+0x18

Java frames: (J=compiled Java code, j=interpreted, Vv=VM code)
J 347  org.eclipse.swt.internal.gtk.OS._g_object_get_qdata(JI)J (0 bytes) @ 0x00007fad0d157964 [0x00007fad0d157920+0x44]
j  org.eclipse.swt.internal.gtk.OS.g_object_get_qdata(JI)J+9
j  org.eclipse.swt.widgets.Display.removeWidget(J)Lorg/eclipse/swt/widgets/Widget;+19
j  org.eclipse.swt.widgets.Combo.deregister()V+21
j  org.eclipse.swt.widgets.Widget.releaseWidget()V+1
j  org.eclipse.swt.widgets.Control.releaseWidget()V+1
j  org.eclipse.swt.widgets.Composite.releaseWidget()V+1
j  org.eclipse.swt.widgets.Combo.releaseWidget()V+1
j  org.eclipse.swt.widgets.Widget.release(Z)V+82
j  org.eclipse.swt.widgets.Control.release(Z)V+86
j  org.eclipse.swt.widgets.Composite.releaseChildren(Z)V+31
j  org.eclipse.swt.widgets.Widget.release(Z)V+38
j  org.eclipse.swt.widgets.Control.release(Z)V+86
j  org.eclipse.swt.widgets.Composite.releaseChildren(Z)V+31
j  org.eclipse.swt.widgets.Widget.release(Z)V+38
j  org.eclipse.swt.widgets.Control.release(Z)V+86
j  org.eclipse.swt.widgets.Composite.releaseChildren(Z)V+31
j  org.eclipse.swt.widgets.Canvas.releaseChildren(Z)V+42
j  org.eclipse.swt.widgets.Decorations.releaseChildren(Z)V+22
j  org.eclipse.swt.widgets.Shell.releaseChildren(Z)V+100
j  org.eclipse.swt.widgets.Widget.release(Z)V+38
j  org.eclipse.swt.widgets.Control.release(Z)V+86
j  org.eclipse.swt.widgets.Widget.dispose()V+23
j  org.eclipse.swt.widgets.Shell.dispose()V+20
j  org.eclipse.jface.window.Window.close()Z+65
j  org.eclipse.jface.dialogs.Dialog.close()Z+26
j  org.eclipse.jface.dialogs.Dialog.okPressed()V+6
j  com.android.sdkuilib.internal.widgets.AvdCreationSwtView.okPressed()V+11
j  com.android.sdkuilib.internal.widgets.AvdCreationDialog.okPressed()V+1
j  org.eclipse.jface.dialogs.Dialog.buttonPressed(I)V+5
j  org.eclipse.jface.dialogs.Dialog$2.widgetSelected(Lorg/eclipse/swt/events/SelectionEvent;)V+17
j  org.eclipse.swt.widgets.TypedListener.handleEvent(Lorg/eclipse/swt/widgets/Event;)V+1003
j  org.eclipse.swt.widgets.EventTable.sendEvent(Lorg/eclipse/swt/widgets/Event;)V+71
j  org.eclipse.swt.widgets.Widget.sendEvent(Lorg/eclipse/swt/widgets/Event;)V+25
j  org.eclipse.swt.widgets.Display.runDeferredEvents()Z+92
j  org.eclipse.swt.widgets.Display.readAndDispatch()Z+33
j  org.eclipse.jface.window.Window.runEventLoop(Lorg/eclipse/swt/widgets/Shell;)V+23
j  org.eclipse.jface.window.Window.open()I+49
j  com.android.sdkuilib.internal.widgets.AvdSelector.onNew()V+29
j  com.android.sdkuilib.internal.widgets.AvdSelector.access$100(Lcom/android/sdkuilib/internal/widgets/AvdSelector;)V+1
j  com.android.sdkuilib.internal.widgets.AvdSelector$2.widgetSelected(Lorg/eclipse/swt/events/SelectionEvent;)V+4
j  org.eclipse.swt.widgets.TypedListener.handleEvent(Lorg/eclipse/swt/widgets/Event;)V+1003
j  org.eclipse.swt.widgets.EventTable.sendEvent(Lorg/eclipse/swt/widgets/Event;)V+71
j  org.eclipse.swt.widgets.Widget.sendEvent(Lorg/eclipse/swt/widgets/Event;)V+25
j  org.eclipse.swt.widgets.Display.runDeferredEvents()Z+92
j  org.eclipse.swt.widgets.Display.readAndDispatch()Z+33
j  com.android.sdkuilib.internal.repository.ui.AvdManagerWindowImpl1.open()V+76
j  com.android.sdkuilib.repository.AvdManagerWindow.open()V+4
j  com.android.sdkmanager.Main.showAvdManagerWindow()V+32
j  com.android.sdkmanager.Main.doAction()V+386
j  com.android.sdkmanager.Main.run([Ljava/lang/String;)V+21
j  com.android.sdkmanager.Main.main([Ljava/lang/String;)V+8
v  ~StubRoutines::call_stub

---------------  P R O C E S S  ---------------

Java Threads: ( => current thread )
  0x00007fad10978000 JavaThread "process reaper" daemon [_thread_blocked, id=5099, stack(0x00007fad078d8000,0x00007fad07911000)]
  0x00007fad100ae000 JavaThread "Service Thread" daemon [_thread_blocked, id=4667, stack(0x00007fad07a34000,0x00007fad07b35000)]
  0x00007fad100ab800 JavaThread "C2 CompilerThread1" daemon [_thread_blocked, id=4666, stack(0x00007fad07b35000,0x00007fad07c36000)]
  0x00007fad100a9000 JavaThread "C2 CompilerThread0" daemon [_thread_blocked, id=4665, stack(0x00007fad07c36000,0x00007fad07d37000)]
  0x00007fad100a6800 JavaThread "Signal Dispatcher" daemon [_thread_blocked, id=4664, stack(0x00007fad0c06d000,0x00007fad0c16e000)]
  0x00007fad1007c000 JavaThread "Finalizer" daemon [_thread_blocked, id=4663, stack(0x00007fad0c16e000,0x00007fad0c26f000)]
  0x00007fad1007a000 JavaThread "Reference Handler" daemon [_thread_blocked, id=4662, stack(0x00007fad0c26f000,0x00007fad0c370000)]
=>0x00007fad1000a000 JavaThread "main" [_thread_in_native, id=4656, stack(0x00007fad18e5c000,0x00007fad18f5d000)]

Other Threads:
  0x00007fad10075800 VMThread [stack: 0x00007fad0c370000,0x00007fad0c471000] [id=4661]
  0x00007fad100b9000 WatcherThread [stack: 0x00007fad07933000,0x00007fad07a34000] [id=4668]

VM state:not at safepoint (normal execution)

VM Mutex/Monitor currently owned by a thread: None

Heap
 PSYoungGen      total 17920K, used 17655K [0x00000000faa80000, 0x00000000fbe00000, 0x0000000100000000)
  eden space 15872K, 98% used [0x00000000faa80000,0x00000000fb9c2ea8,0x00000000fba00000)
  from space 2048K, 99% used [0x00000000fbc00000,0x00000000fbdfb120,0x00000000fbe00000)
  to   space 2048K, 0% used [0x00000000fba00000,0x00000000fba00000,0x00000000fbc00000)
 ParOldGen       total 39424K, used 6958K [0x00000000f0000000, 0x00000000f2680000, 0x00000000faa80000)
  object space 39424K, 17% used [0x00000000f0000000,0x00000000f06cb848,0x00000000f2680000)
 PSPermGen       total 21504K, used 14976K [0x00000000e5a00000, 0x00000000e6f00000, 0x00000000f0000000)
  object space 21504K, 69% used [0x00000000e5a00000,0x00000000e68a00e8,0x00000000e6f00000)

Card table byte_map: [0x00007fad159d4000,0x00007fad15aa8000] byte_map_base: 0x00007fad152a7000

Polling page: 0x00007fad18f90000

Code Cache  [0x00007fad0d000000, 0x00007fad0d270000, 0x00007fad10000000)
 total_blobs=772 nmethods=347 adapters=377 free_code_cache=47641Kb largest_free_block=48738240

Compilation events (10 events):
Event: 83.843 Thread 0x00007fad100ab800  358   !         java.io.FileOutputStream::write (51 bytes)
Event: 83.843 Thread 0x00007fad100a9000  359             sun.misc.IoTrace::fileWriteBegin (2 bytes)
Event: 83.843 Thread 0x00007fad100a9000 nmethod 359 0x00007fad0d08d9d0 code [0x00007fad0d08db00, 0x00007fad0d08db38]
Event: 83.843 Thread 0x00007fad100a9000  361             sun.misc.IoTrace::fileWriteEnd (1 bytes)
Event: 83.843 Thread 0x00007fad100a9000 nmethod 361 0x00007fad0d0b0390 code [0x00007fad0d0b04c0, 0x00007fad0d0b04f8]
Event: 83.843 Thread 0x00007fad100ab800 nmethod 358 0x00007fad0d09d310 code [0x00007fad0d09d460, 0x00007fad0d09d4e8]
Event: 84.017 Thread 0x00007fad100a9000  362 %           com.android.sdklib.internal.avd.AvdManager::copyImageFile @ 26 (62 bytes)
Event: 84.019 Thread 0x00007fad100a9000 nmethod 362% 0x00007fad0d159650 code [0x00007fad0d1597c0, 0x00007fad0d159978]
Event: 85.468 Thread 0x00007fad100ab800  363             java.util.regex.Pattern$CharProperty::match (56 bytes)
Event: 85.470 Thread 0x00007fad100ab800 nmethod 363 0x00007fad0d0a62d0 code [0x00007fad0d0a6440, 0x00007fad0d0a66f8]

GC Heap History (8 events):
Event: 2.857 GC heap before
{Heap before GC invocations=1 (full 0):
 PSYoungGen      total 17920K, used 15852K [0x00000000faa80000, 0x00000000fbe00000, 0x0000000100000000)
  eden space 15872K, 99% used [0x00000000faa80000,0x00000000fb9fb078,0x00000000fba00000)
  from space 2048K, 0% used [0x00000000fbc00000,0x00000000fbc00000,0x00000000fbe00000)
  to   space 2048K, 0% used [0x00000000fba00000,0x00000000fba00000,0x00000000fbc00000)
 ParOldGen       total 39424K, used 0K [0x00000000f0000000, 0x00000000f2680000, 0x00000000faa80000)
  object space 39424K, 0% used [0x00000000f0000000,0x00000000f0000000,0x00000000f2680000)
 PSPermGen       total 21504K, used 6734K [0x00000000e5a00000, 0x00000000e6f00000, 0x00000000f0000000)
  object space 21504K, 31% used [0x00000000e5a00000,0x00000000e6093940,0x00000000e6f00000)
Event: 2.861 GC heap after
Heap after GC invocations=1 (full 0):
 PSYoungGen      total 17920K, used 2033K [0x00000000faa80000, 0x00000000fbe00000, 0x0000000100000000)
  eden space 15872K, 0% used [0x00000000faa80000,0x00000000faa80000,0x00000000fba00000)
  from space 2048K, 99% used [0x00000000fba00000,0x00000000fbbfc540,0x00000000fbc00000)
  to   space 2048K, 0% used [0x00000000fbc00000,0x00000000fbc00000,0x00000000fbe00000)
 ParOldGen       total 39424K, used 1436K [0x00000000f0000000, 0x00000000f2680000, 0x00000000faa80000)
  object space 39424K, 3% used [0x00000000f0000000,0x00000000f01670e8,0x00000000f2680000)
 PSPermGen       total 21504K, used 6734K [0x00000000e5a00000, 0x00000000e6f00000, 0x00000000f0000000)
  object space 21504K, 31% used [0x00000000e5a00000,0x00000000e6093940,0x00000000e6f00000)
}
Event: 4.318 GC heap before
{Heap before GC invocations=2 (full 0):
 PSYoungGen      total 17920K, used 17905K [0x00000000faa80000, 0x00000000fbe00000, 0x0000000100000000)
  eden space 15872K, 100% used [0x00000000faa80000,0x00000000fba00000,0x00000000fba00000)
  from space 2048K, 99% used [0x00000000fba00000,0x00000000fbbfc540,0x00000000fbc00000)
  to   space 2048K, 0% used [0x00000000fbc00000,0x00000000fbc00000,0x00000000fbe00000)
 ParOldGen       total 39424K, used 1436K [0x00000000f0000000, 0x00000000f2680000, 0x00000000faa80000)
  object space 39424K, 3% used [0x00000000f0000000,0x00000000f01670e8,0x00000000f2680000)
 PSPermGen       total 21504K, used 11440K [0x00000000e5a00000, 0x00000000e6f00000, 0x00000000f0000000)
  object space 21504K, 53% used [0x00000000e5a00000,0x00000000e652c0d0,0x00000000e6f00000)
Event: 4.326 GC heap after
Heap after GC invocations=2 (full 0):
 PSYoungGen      total 17920K, used 2037K [0x00000000faa80000, 0x00000000fbe00000, 0x0000000100000000)
  eden space 15872K, 0% used [0x00000000faa80000,0x00000000faa80000,0x00000000fba00000)
  from space 2048K, 99% used [0x00000000fbc00000,0x00000000fbdfd628,0x00000000fbe00000)
  to   space 2048K, 0% used [0x00000000fba00000,0x00000000fba00000,0x00000000fbc00000)
 ParOldGen       total 39424K, used 3815K [0x00000000f0000000, 0x00000000f2680000, 0x00000000faa80000)
  object space 39424K, 9% used [0x00000000f0000000,0x00000000f03b9e48,0x00000000f2680000)
 PSPermGen       total 21504K, used 11440K [0x00000000e5a00000, 0x00000000e6f00000, 0x00000000f0000000)
  object space 21504K, 53% used [0x00000000e5a00000,0x00000000e652c0d0,0x00000000e6f00000)
}
Event: 5.259 GC heap before
{Heap before GC invocations=3 (full 0):
 PSYoungGen      total 17920K, used 17869K [0x00000000faa80000, 0x00000000fbe00000, 0x0000000100000000)
  eden space 15872K, 99% used [0x00000000faa80000,0x00000000fb9f60c0,0x00000000fba00000)
  from space 2048K, 99% used [0x00000000fbc00000,0x00000000fbdfd628,0x00000000fbe00000)
  to   space 2048K, 0% used [0x00000000fba00000,0x00000000fba00000,0x00000000fbc00000)
 ParOldGen       total 39424K, used 3815K [0x00000000f0000000, 0x00000000f2680000, 0x00000000faa80000)
  object space 39424K, 9% used [0x00000000f0000000,0x00000000f03b9e48,0x00000000f2680000)
 PSPermGen       total 21504K, used 12306K [0x00000000e5a00000, 0x00000000e6f00000, 0x00000000f0000000)
  object space 21504K, 57% used [0x00000000e5a00000,0x00000000e6604b78,0x00000000e6f00000)
Event: 5.265 GC heap after
Heap after GC invocations=3 (full 0):
 PSYoungGen      total 17920K, used 2028K [0x00000000faa80000, 0x00000000fbe00000, 0x0000000100000000)
  eden space 15872K, 0% used [0x00000000faa80000,0x00000000faa80000,0x00000000fba00000)
  from space 2048K, 99% used [0x00000000fba00000,0x00000000fbbfb378,0x00000000fbc00000)
  to   space 2048K, 0% used [0x00000000fbc00000,0x00000000fbc00000,0x00000000fbe00000)
 ParOldGen       total 39424K, used 5113K [0x00000000f0000000, 0x00000000f2680000, 0x00000000faa80000)
  object space 39424K, 12% used [0x00000000f0000000,0x00000000f04fe590,0x00000000f2680000)
 PSPermGen       total 21504K, used 12306K [0x00000000e5a00000, 0x00000000e6f00000, 0x00000000f0000000)
  object space 21504K, 57% used [0x00000000e5a00000,0x00000000e6604b78,0x00000000e6f00000)
}
Event: 10.955 GC heap before
{Heap before GC invocations=4 (full 0):
 PSYoungGen      total 17920K, used 17900K [0x00000000faa80000, 0x00000000fbe00000, 0x0000000100000000)
  eden space 15872K, 100% used [0x00000000faa80000,0x00000000fba00000,0x00000000fba00000)
  from space 2048K, 99% used [0x00000000fba00000,0x00000000fbbfb378,0x00000000fbc00000)
  to   space 2048K, 0% used [0x00000000fbc00000,0x00000000fbc00000,0x00000000fbe00000)
 ParOldGen       total 39424K, used 5113K [0x00000000f0000000, 0x00000000f2680000, 0x00000000faa80000)
  object space 39424K, 12% used [0x00000000f0000000,0x00000000f04fe590,0x00000000f2680000)
 PSPermGen       total 21504K, used 14442K [0x00000000e5a00000, 0x00000000e6f00000, 0x00000000f0000000)
  object space 21504K, 67% used [0x00000000e5a00000,0x00000000e681aa98,0x00000000e6f00000)
Event: 10.960 GC heap after
Heap after GC invocations=4 (full 0):
 PSYoungGen      total 17920K, used 2028K [0x00000000faa80000, 0x00000000fbe00000, 0x0000000100000000)
  eden space 15872K, 0% used [0x00000000faa80000,0x00000000faa80000,0x00000000fba00000)
  from space 2048K, 99% used [0x00000000fbc00000,0x00000000fbdfb120,0x00000000fbe00000)
  to   space 2048K, 0% used [0x00000000fba00000,0x00000000fba00000,0x00000000fbc00000)
 ParOldGen       total 39424K, used 6958K [0x00000000f0000000, 0x00000000f2680000, 0x00000000faa80000)
  object space 39424K, 17% used [0x00000000f0000000,0x00000000f06cb848,0x00000000f2680000)
 PSPermGen       total 21504K, used 14442K [0x00000000e5a00000, 0x00000000e6f00000, 0x00000000f0000000)
  object space 21504K, 67% used [0x00000000e5a00000,0x00000000e681aa98,0x00000000e6f00000)
}

Deoptimization events (10 events):
Event: 5.834 Thread 0x00007fad1000a000 Uncommon trap: reason=class_check action=maybe_recompile pc=0x00007fad0d08ae28 method=java.util.regex.Pattern$Curly.match0(Ljava/util/regex/Matcher;IILjava/lang/CharSequence;)Z @ 141
Event: 5.885 Thread 0x00007fad1000a000 Uncommon trap: reason=bimorphic action=maybe_recompile pc=0x00007fad0d13b770 method=java.util.regex.Pattern$Curly.match0(Ljava/util/regex/Matcher;IILjava/lang/CharSequence;)Z @ 141
Event: 5.886 Thread 0x00007fad1000a000 Uncommon trap: reason=bimorphic action=maybe_recompile pc=0x00007fad0d13b770 method=java.util.regex.Pattern$Curly.match0(Ljava/util/regex/Matcher;IILjava/lang/CharSequence;)Z @ 141
Event: 10.950 Thread 0x00007fad1000a000 Uncommon trap: reason=unstable_if action=reinterpret pc=0x00007fad0d120548 method=java.util.jar.Attributes.read(Ljava/util/jar/Manifest$FastInputStream;[B)V @ 249
Event: 11.033 Thread 0x00007fad1000a000 Uncommon trap: reason=unstable_if action=reinterpret pc=0x00007fad0d0ffbb8 method=java.util.Properties$LineReader.readLine()I @ 172
Event: 83.311 Thread 0x00007fad1000a000 Uncommon trap: reason=bimorphic action=maybe_recompile pc=0x00007fad0d164a24 method=org.eclipse.swt.widgets.Widget.windowProc(JJJ)J @ 336
Event: 83.311 Thread 0x00007fad1000a000 Uncommon trap: reason=class_check action=maybe_recompile pc=0x00007fad0d164b88 method=org.eclipse.swt.widgets.Widget.windowProc(JJJ)J @ 406
Event: 83.412 Thread 0x00007fad1000a000 Uncommon trap: reason=bimorphic action=maybe_recompile pc=0x00007fad0d164a68 method=org.eclipse.swt.widgets.Widget.windowProc(JJJ)J @ 343
Event: 85.467 Thread 0x00007fad1000a000 Uncommon trap: reason=unstable_if action=reinterpret pc=0x00007fad0d1598d8 method=java.io.FileInputStream.read([B)I @ 22
Event: 85.700 Thread 0x00007fad1000a000 Uncommon trap: reason=unstable_if action=reinterpret pc=0x00007fad0d161b64 method=org.eclipse.swt.widgets.Display.getWidget(J)Lorg/eclipse/swt/widgets/Widget; @ 12

Internal exceptions (10 events):
Event: 25.236 Thread 0x00007fad1000a000 Threw 0x00000000fb814268 at /build/openjdk-7-65SuYz/openjdk-7-7u85-2.6.1/build/openjdk/hotspot/src/share/vm/prims/jvm.cpp:1322
Event: 68.546 Thread 0x00007fad1000a000 Threw 0x00000000fb8b3988 at /build/openjdk-7-65SuYz/openjdk-7-7u85-2.6.1/build/openjdk/hotspot/src/share/vm/prims/jvm.cpp:1322
Event: 85.467 Thread 0x00007fad1000a000 Threw 0x00000000fb905858 at /build/openjdk-7-65SuYz/openjdk-7-7u85-2.6.1/build/openjdk/hotspot/src/share/vm/prims/jvm.cpp:1322
Event: 85.529 Thread 0x00007fad1000a000 Threw 0x00000000fb910ea8 at /build/openjdk-7-65SuYz/openjdk-7-7u85-2.6.1/build/openjdk/hotspot/src/share/vm/prims/jvm.cpp:1322
Event: 85.529 Thread 0x00007fad1000a000 Threw 0x00000000fb9144b0 at /build/openjdk-7-65SuYz/openjdk-7-7u85-2.6.1/build/openjdk/hotspot/src/share/vm/prims/jvm.cpp:1322
Event: 85.530 Thread 0x00007fad1000a000 Threw 0x00000000fb917d40 at /build/openjdk-7-65SuYz/openjdk-7-7u85-2.6.1/build/openjdk/hotspot/src/share/vm/prims/jvm.cpp:1322
Event: 85.530 Thread 0x00007fad1000a000 Threw 0x00000000fb91b2b8 at /build/openjdk-7-65SuYz/openjdk-7-7u85-2.6.1/build/openjdk/hotspot/src/share/vm/prims/jvm.cpp:1322
Event: 85.530 Thread 0x00007fad1000a000 Threw 0x00000000fb91ee40 at /build/openjdk-7-65SuYz/openjdk-7-7u85-2.6.1/build/openjdk/hotspot/src/share/vm/prims/jvm.cpp:1322
Event: 85.689 Thread 0x00007fad1000a000 Threw 0x00000000fb98c7b8 at /build/openjdk-7-65SuYz/openjdk-7-7u85-2.6.1/build/openjdk/hotspot/src/share/vm/prims/jvm.cpp:1322
Event: 85.699 Thread 0x00007fad1000a000 Threw 0x00000000fb9919f0 at /build/openjdk-7-65SuYz/openjdk-7-7u85-2.6.1/build/openjdk/hotspot/src/share/vm/prims/jvm.cpp:1322

Events (10 events):
Event: 85.685 Executing VM operation: RevokeBias done
Event: 85.685 Executing VM operation: RevokeBias
Event: 85.685 Executing VM operation: RevokeBias done
Event: 85.689 loading class 0x00007fad1025d9a0
Event: 85.689 loading class 0x00007fad1025d9a0 done
Event: 85.699 loading class 0x00007fad105a6b00
Event: 85.699 loading class 0x00007fad105a6b00 done
Event: 85.700 Thread 0x00007fad1000a000 Uncommon trap: trap_request=0xffffff75 fr.pc=0x00007fad0d161b64
Event: 85.700 Thread 0x00007fad1000a000 DEOPT PACKING pc=0x00007fad0d161b64 sp=0x00007fad18f5a660
Event: 85.701 Thread 0x00007fad1000a000 DEOPT UNPACKING pc=0x00007fad0d039445 sp=0x00007fad18f5a628 mode 2


Dynamic libraries:
00400000-00401000 r-xp 00000000 08:01 2903800                            /usr/lib/jvm/java-7-openjdk-amd64/jre/bin/java
00600000-00601000 r--p 00000000 08:01 2903800                            /usr/lib/jvm/java-7-openjdk-amd64/jre/bin/java
00601000-00602000 rw-p 00001000 08:01 2903800                            /usr/lib/jvm/java-7-openjdk-amd64/jre/bin/java
025fb000-0261c000 rw-p 00000000 00:00 0                                  [heap]
e5a00000-e6f00000 rw-p 00000000 00:00 0 
e6f00000-f0000000 rw-p 00000000 00:00 0 
f0000000-f2680000 rw-p 00000000 00:00 0 
f2680000-faa80000 rw-p 00000000 00:00 0 
faa80000-fbe00000 rw-p 00000000 00:00 0 
fbe00000-100000000 rw-p 00000000 00:00 0 
7facb8000000-7facb8021000 rw-p 00000000 00:00 0 
7facb8021000-7facbc000000 ---p 00000000 00:00 0 
7facc0000000-7facc0021000 rw-p 00000000 00:00 0 
7facc0021000-7facc4000000 ---p 00000000 00:00 0 
7facc4000000-7facc4021000 rw-p 00000000 00:00 0 
7facc4021000-7facc8000000 ---p 00000000 00:00 0 
7facc8000000-7facc8021000 rw-p 00000000 00:00 0 
7facc8021000-7faccc000000 ---p 00000000 00:00 0 
7facce399000-7facce39c000 ---p 00000000 00:00 0 
7facce39c000-7facce49a000 rw-p 00000000 00:00 0 
7facce49a000-7faccec9a000 rw-s 00000000 00:04 4128861                    /SYSV00000000 (deleted)
7facced99000-7facced9c000 ---p 00000000 00:00 0 
7facced9c000-7faccee9a000 rw-p 00000000 00:00 0 
7faccee9a000-7facceefa000 rw-s 00000000 00:04 4063323                    /SYSV00000000 (deleted)
7facceefa000-7faccef4c000 r--p 00000000 08:01 396566                     /usr/share/fonts/truetype/ubuntu-font-family/Ubuntu-B.ttf
7faccef4c000-7faccefac000 rw-s 00000000 00:04 4030554                    /SYSV00000000 (deleted)
7faccefac000-7facceffe000 r--p 00000000 08:01 396400                     /usr/share/fonts/truetype/dejavu/DejaVuSansMono.ttf
7facceffe000-7faccefff000 ---p 00000000 00:00 0 
7faccefff000-7faccf7ff000 rw-p 00000000 00:00 0                          [stack:4701]
7faccf7ff000-7faccf800000 ---p 00000000 00:00 0 
7faccf800000-7facd0000000 rw-p 00000000 00:00 0                          [stack:4700]
7facd0000000-7facd0021000 rw-p 00000000 00:00 0 
7facd0021000-7facd4000000 ---p 00000000 00:00 0 
7facd4000000-7facd4021000 rw-p 00000000 00:00 0 
7facd4021000-7facd8000000 ---p 00000000 00:00 0 
7facd8000000-7facd964a000 rw-p 00000000 00:00 0 
7facd964a000-7facdc000000 ---p 00000000 00:00 0 
7facdc000000-7facdc021000 rw-p 00000000 00:00 0 
7facdc021000-7face0000000 ---p 00000000 00:00 0 
7face0000000-7face0021000 rw-p 00000000 00:00 0 
7face0021000-7face4000000 ---p 00000000 00:00 0 
7face4000000-7face4e01000 rw-p 00000000 00:00 0 
7face4e01000-7face8000000 ---p 00000000 00:00 0 
7face8000000-7face8021000 rw-p 00000000 00:00 0 
7face8021000-7facec000000 ---p 00000000 00:00 0 
7facec000000-7facec021000 rw-p 00000000 00:00 0 
7facec021000-7facf0000000 ---p 00000000 00:00 0 
7facf0000000-7facf0021000 rw-p 00000000 00:00 0 
7facf0021000-7facf4000000 ---p 00000000 00:00 0 
7facf4000000-7facf4021000 rw-p 00000000 00:00 0 
7facf4021000-7facf8000000 ---p 00000000 00:00 0 
7facf8000000-7facf8021000 rw-p 00000000 00:00 0 
7facf8021000-7facfc000000 ---p 00000000 00:00 0 
7facfc020000-7facfc022000 r--s 00018000 08:01 2903901                    /usr/lib/jvm/java-7-openjdk-amd64/jre/lib/jce.jar
7facfc022000-7facfc079000 r--p 00000000 08:01 396573                     /usr/share/fonts/truetype/ubuntu-font-family/Ubuntu-R.ttf
7facfc079000-7facfc07a000 r--s 00000000 08:01 793678                     /var/cache/fontconfig/c05880de57d1f5e948fdfacc138775d9-le64.cache-4
7facfc07a000-7facfc085000 r--s 00000000 08:01 793677                     /var/cache/fontconfig/945677eb7aeaf62f1d50efc3fb3ec7d8-le64.cache-4
7facfc085000-7facfc08b000 r--s 00000000 08:01 793675                     /var/cache/fontconfig/2cd17615ca594fa2959ae173292e504c-le64.cache-4
7facfc08b000-7facfc08c000 r--s 00000000 08:01 793674                     /var/cache/fontconfig/e7071f4a29fa870f4323321c154eba04-le64.cache-4
7facfc08c000-7facfc08d000 r--s 00000000 08:01 793673                     /var/cache/fontconfig/0d8c3b2ac0904cb8a57a757ad11a4a08-le64.cache-4
7facfc08d000-7facfc094000 r--s 00000000 08:01 793672                     /var/cache/fontconfig/a755afe4a08bf5b97852ceb7400b47bc-le64.cache-4
7facfc094000-7facfc098000 r--s 00000000 08:01 793671                     /var/cache/fontconfig/6d41288fd70b0be22e8c3a91e032eec0-le64.cache-4
7facfc098000-7facfc09c000 r--s 00000000 08:01 796310                     /var/cache/fontconfig/de156ccd2eddbdc19d37a45b8b2aac9c-le64.cache-4
7facfc09c000-7facfc0b0000 r--s 00000000 08:01 793670                     /var/cache/fontconfig/04aabc0a78ac019cf9454389977116d2-le64.cache-4
7facfc0b0000-7facfc0b1000 r--s 00000000 08:01 793669                     /var/cache/fontconfig/1ac9eb803944fde146138c791f5cc56a-le64.cache-4
7facfc0b1000-7facfc0b5000 r--s 00000000 08:01 793668                     /var/cache/fontconfig/385c0604a188198f04d133e54aba7fe7-le64.cache-4
7facfc0b5000-7facfc0b6000 r--s 00000000 08:01 792694                     /var/cache/fontconfig/9451a55048e8dbe8633e64d34165fdf2-le64.cache-4
7facfc0b6000-7facfc0b7000 r--s 00000000 08:01 793667                     /var/cache/fontconfig/dc05db6664285cc2f12bf69c139ae4c3-le64.cache-4
7facfc0b7000-7facfc0b9000 r--s 00000000 08:01 793666                     /var/cache/fontconfig/767a8244fc0220cfb567a839d0392e0b-le64.cache-4
7facfc0b9000-7facfc0bb000 r--s 00000000 08:01 788454                     /var/cache/fontconfig/2fe16cf53f8bd2da9ea33d9eb6e69eee-le64.cache-4
7facfc0bb000-7facfc0c0000 r--s 00000000 08:01 787321                     /var/cache/fontconfig/8801497958630a81b71ace7c5f9b32a8-le64.cache-4
7facfc0c0000-7facfc0c7000 r--s 00000000 08:01 793664                     /var/cache/fontconfig/3047814df9a2f067bd2d96a2b9c36e5a-le64.cache-4
7facfc0c7000-7facfc10b000 r-xp 00000000 08:01 1835027                    /lib/x86_64-linux-gnu/libdbus-1.so.3.7.6
7facfc10b000-7facfc30a000 ---p 00044000 08:01 1835027                    /lib/x86_64-linux-gnu/libdbus-1.so.3.7.6
7facfc30a000-7facfc30b000 r--p 00043000 08:01 1835027                    /lib/x86_64-linux-gnu/libdbus-1.so.3.7.6
7facfc30b000-7facfc30c000 rw-p 00044000 08:01 1835027                    /lib/x86_64-linux-gnu/libdbus-1.so.3.7.6
7facfc30c000-7facfc314000 r-xp 00000000 08:01 1839204                    /lib/x86_64-linux-gnu/libnih-dbus.so.1.0.0
7facfc314000-7facfc514000 ---p 00008000 08:01 1839204                    /lib/x86_64-linux-gnu/libnih-dbus.so.1.0.0
7facfc514000-7facfc515000 r--p 00008000 08:01 1839204                    /lib/x86_64-linux-gnu/libnih-dbus.so.1.0.0
7facfc515000-7facfc516000 rw-p 00009000 08:01 1839204                    /lib/x86_64-linux-gnu/libnih-dbus.so.1.0.0
7facfc516000-7facfc52d000 r-xp 00000000 08:01 1839206                    /lib/x86_64-linux-gnu/libnih.so.1.0.0
7facfc52d000-7facfc72c000 ---p 00017000 08:01 1839206                    /lib/x86_64-linux-gnu/libnih.so.1.0.0
7facfc72c000-7facfc72d000 r--p 00016000 08:01 1839206                    /lib/x86_64-linux-gnu/libnih.so.1.0.0
7facfc72d000-7facfc72e000 rw-p 00017000 08:01 1839206                    /lib/x86_64-linux-gnu/libnih.so.1.0.0
7facfc72e000-7facfc747000 r-xp 00000000 08:01 1839011                    /lib/x86_64-linux-gnu/libcgmanager.so.0.0.0
7facfc747000-7facfc946000 ---p 00019000 08:01 1839011                    /lib/x86_64-linux-gnu/libcgmanager.so.0.0.0
7facfc946000-7facfc948000 r--p 00018000 08:01 1839011                    /lib/x86_64-linux-gnu/libcgmanager.so.0.0.0
7facfc948000-7facfc949000 rw-p 0001a000 08:01 1839011                    /lib/x86_64-linux-gnu/libcgmanager.so.0.0.0
7facfc949000-7facfc959000 r-xp 00000000 08:01 1835831                    /lib/x86_64-linux-gnu/libudev.so.1.3.5
7facfc959000-7facfcb58000 ---p 00010000 08:01 1835831                    /lib/x86_64-linux-gnu/libudev.so.1.3.5
7facfcb58000-7facfcb59000 r--p 0000f000 08:01 1835831                    /lib/x86_64-linux-gnu/libudev.so.1.3.5
7facfcb59000-7facfcb5a000 rw-p 00010000 08:01 1835831                    /lib/x86_64-linux-gnu/libudev.so.1.3.5
7facfcb5a000-7facfcb8e000 r-xp 00000000 08:01 3884                       /usr/lib/x86_64-linux-gnu/gvfs/libgvfscommon.so
7facfcb8e000-7facfcd8e000 ---p 00034000 08:01 3884                       /usr/lib/x86_64-linux-gnu/gvfs/libgvfscommon.so
7facfcd8e000-7facfcd93000 r--p 00034000 08:01 3884                       /usr/lib/x86_64-linux-gnu/gvfs/libgvfscommon.so
7facfcd93000-7facfcd94000 rw-p 00039000 08:01 3884                       /usr/lib/x86_64-linux-gnu/gvfs/libgvfscommon.so
7facfcd94000-7facfcdc3000 r-xp 00000000 08:01 3886                       /usr/lib/x86_64-linux-gnu/gio/modules/libgvfsdbus.so
7facfcdc3000-7facfcfc3000 ---p 0002f000 08:01 3886                       /usr/lib/x86_64-linux-gnu/gio/modules/libgvfsdbus.so
7facfcfc3000-7facfcfc4000 r--p 0002f000 08:01 3886                       /usr/lib/x86_64-linux-gnu/gio/modules/libgvfsdbus.so
7facfcfc4000-7facfcfc5000 rw-p 00030000 08:01 3886                       /usr/lib/x86_64-linux-gnu/gio/modules/libgvfsdbus.so
7facfcfc5000-7facfcfc6000 rw-p 00000000 00:00 0 
7facfcfc6000-7facfd109000 r-xp 00000000 08:01 670                        /usr/lib/x86_64-linux-gnu/gtk-2.0/2.10.0/engines/liboxygen-gtk.so
7facfd109000-7facfd308000 ---p 00143000 08:01 670                        /usr/lib/x86_64-linux-gnu/gtk-2.0/2.10.0/engines/liboxygen-gtk.so
7facfd308000-7facfd30e000 r--p 00142000 08:01 670                        /usr/lib/x86_64-linux-gnu/gtk-2.0/2.10.0/engines/liboxygen-gtk.so
7facfd30e000-7facfd30f000 rw-p 00148000 08:01 670                        /usr/lib/x86_64-linux-gnu/gtk-2.0/2.10.0/engines/liboxygen-gtk.so
7facfd30f000-7facfd310000 rw-p 00000000 00:00 0 
7facfd310000-7facfd316000 r-xp 00000000 08:01 2893096                    /usr/lib/x86_64-linux-gnu/libdatrie.so.1.3.1
7facfd316000-7facfd515000 ---p 00006000 08:01 2893096                    /usr/lib/x86_64-linux-gnu/libdatrie.so.1.3.1
7facfd515000-7facfd516000 r--p 00005000 08:01 2893096                    /usr/lib/x86_64-linux-gnu/libdatrie.so.1.3.1
7facfd516000-7facfd517000 rw-p 00006000 08:01 2893096                    /usr/lib/x86_64-linux-gnu/libdatrie.so.1.3.1
7facfd517000-7facfd531000 r-xp 00000000 08:01 2893275                    /usr/lib/x86_64-linux-gnu/libgraphite2.so.3.0.1
7facfd531000-7facfd730000 ---p 0001a000 08:01 2893275                    /usr/lib/x86_64-linux-gnu/libgraphite2.so.3.0.1
7facfd730000-7facfd732000 r--p 00019000 08:01 2893275                    /usr/lib/x86_64-linux-gnu/libgraphite2.so.3.0.1
7facfd732000-7facfd733000 rw-p 0001b000 08:01 2893275                    /usr/lib/x86_64-linux-gnu/libgraphite2.so.3.0.1
7facfd733000-7facfd738000 r-xp 00000000 08:01 2892925                    /usr/lib/x86_64-linux-gnu/libXdmcp.so.6.0.0
7facfd738000-7facfd937000 ---p 00005000 08:01 2892925                    /usr/lib/x86_64-linux-gnu/libXdmcp.so.6.0.0
7facfd937000-7facfd938000 r--p 00004000 08:01 2892925                    /usr/lib/x86_64-linux-gnu/libXdmcp.so.6.0.0
7facfd938000-7facfd939000 rw-p 00005000 08:01 2892925                    /usr/lib/x86_64-linux-gnu/libXdmcp.so.6.0.0
7facfd939000-7facfd93b000 r-xp 00000000 08:01 2892914                    /usr/lib/x86_64-linux-gnu/libXau.so.6.0.0
7facfd93b000-7facfdb3b000 ---p 00002000 08:01 2892914                    /usr/lib/x86_64-linux-gnu/libXau.so.6.0.0
7facfdb3b000-7facfdb3c000 r--p 00002000 08:01 2892914                    /usr/lib/x86_64-linux-gnu/libXau.so.6.0.0
7facfdb3c000-7facfdb3d000 rw-p 00003000 08:01 2892914                    /usr/lib/x86_64-linux-gnu/libXau.so.6.0.0
7facfdb3d000-7facfdb7a000 r-xp 00000000 08:01 1835828                    /lib/x86_64-linux-gnu/libpcre.so.3.13.1
7facfdb7a000-7facfdd79000 ---p 0003d000 08:01 1835828                    /lib/x86_64-linux-gnu/libpcre.so.3.13.1
7facfdd79000-7facfdd7a000 r--p 0003c000 08:01 1835828                    /lib/x86_64-linux-gnu/libpcre.so.3.13.1
7facfdd7a000-7facfdd7b000 rw-p 0003d000 08:01 1835828                    /lib/x86_64-linux-gnu/libpcre.so.3.13.1
7facfdd7b000-7facfdd82000 r-xp 00000000 08:01 2893161                    /usr/lib/x86_64-linux-gnu/libffi.so.6.0.1
7facfdd82000-7facfdf81000 ---p 00007000 08:01 2893161                    /usr/lib/x86_64-linux-gnu/libffi.so.6.0.1
7facfdf81000-7facfdf82000 r--p 00006000 08:01 2893161                    /usr/lib/x86_64-linux-gnu/libffi.so.6.0.1
7facfdf82000-7facfdf83000 rw-p 00007000 08:01 2893161                    /usr/lib/x86_64-linux-gnu/libffi.so.6.0.1
7facfdf83000-7facfdfaa000 r-xp 00000000 08:01 1842705                    /lib/x86_64-linux-gnu/libexpat.so.1.6.0
7facfdfaa000-7facfe1aa000 ---p 00027000 08:01 1842705                    /lib/x86_64-linux-gnu/libexpat.so.1.6.0
7facfe1aa000-7facfe1ac000 r--p 00027000 08:01 1842705                    /lib/x86_64-linux-gnu/libexpat.so.1.6.0
7facfe1ac000-7facfe1ad000 rw-p 00029000 08:01 1842705                    /lib/x86_64-linux-gnu/libexpat.so.1.6.0
7facfe1ad000-7facfe1b5000 r-xp 00000000 08:01 2893728                    /usr/lib/x86_64-linux-gnu/libthai.so.0.2.0
7facfe1b5000-7facfe3b4000 ---p 00008000 08:01 2893728                    /usr/lib/x86_64-linux-gnu/libthai.so.0.2.0
7facfe3b4000-7facfe3b5000 r--p 00007000 08:01 2893728                    /usr/lib/x86_64-linux-gnu/libthai.so.0.2.0
7facfe3b5000-7facfe3b6000 rw-p 00008000 08:01 2893728                    /usr/lib/x86_64-linux-gnu/libthai.so.0.2.0
7facfe3b6000-7facfe409000 r-xp 00000000 08:01 2886554                    /usr/lib/x86_64-linux-gnu/libharfbuzz.so.0.927.0
7facfe409000-7facfe609000 ---p 00053000 08:01 2886554                    /usr/lib/x86_64-linux-gnu/libharfbuzz.so.0.927.0
7facfe609000-7facfe60a000 r--p 00053000 08:01 2886554                    /usr/lib/x86_64-linux-gnu/libharfbuzz.so.0.927.0
7facfe60a000-7facfe60b000 rw-p 00054000 08:01 2886554                    /usr/lib/x86_64-linux-gnu/libharfbuzz.so.0.927.0
7facfe60b000-7facfe622000 r-xp 00000000 08:01 1835754                    /lib/x86_64-linux-gnu/libresolv-2.19.so
7facfe622000-7facfe822000 ---p 00017000 08:01 1835754                    /lib/x86_64-linux-gnu/libresolv-2.19.so
7facfe822000-7facfe823000 r--p 00017000 08:01 1835754                    /lib/x86_64-linux-gnu/libresolv-2.19.so
7facfe823000-7facfe824000 rw-p 00018000 08:01 1835754                    /lib/x86_64-linux-gnu/libresolv-2.19.so
7facfe824000-7facfe826000 rw-p 00000000 00:00 0 
7facfe826000-7facfe846000 r-xp 00000000 08:01 1839009                    /lib/x86_64-linux-gnu/libselinux.so.1
7facfe846000-7facfea45000 ---p 00020000 08:01 1839009                    /lib/x86_64-linux-gnu/libselinux.so.1
7facfea45000-7facfea46000 r--p 0001f000 08:01 1839009                    /lib/x86_64-linux-gnu/libselinux.so.1
7facfea46000-7facfea47000 rw-p 00020000 08:01 1839009                    /lib/x86_64-linux-gnu/libselinux.so.1
7facfea47000-7facfea49000 rw-p 00000000 00:00 0 
7facfea49000-7facfea51000 r-xp 00000000 08:01 2893819                    /usr/lib/x86_64-linux-gnu/libxcb-render.so.0.0.0
7facfea51000-7facfec50000 ---p 00008000 08:01 2893819                    /usr/lib/x86_64-linux-gnu/libxcb-render.so.0.0.0
7facfec50000-7facfec51000 r--p 00007000 08:01 2893819                    /usr/lib/x86_64-linux-gnu/libxcb-render.so.0.0.0
7facfec51000-7facfec52000 rw-p 00008000 08:01 2893819                    /usr/lib/x86_64-linux-gnu/libxcb-render.so.0.0.0
7facfec52000-7facfec54000 r-xp 00000000 08:01 2893823                    /usr/lib/x86_64-linux-gnu/libxcb-shm.so.0.0.0
7facfec54000-7facfee53000 ---p 00002000 08:01 2893823                    /usr/lib/x86_64-linux-gnu/libxcb-shm.so.0.0.0
7facfee53000-7facfee54000 r--p 00001000 08:01 2893823                    /usr/lib/x86_64-linux-gnu/libxcb-shm.so.0.0.0
7facfee54000-7facfee55000 rw-p 00002000 08:01 2893823                    /usr/lib/x86_64-linux-gnu/libxcb-shm.so.0.0.0
7facfee55000-7facfee7a000 r-xp 00000000 08:01 1839257                    /lib/x86_64-linux-gnu/libpng12.so.0.50.0
7facfee7a000-7facff079000 ---p 00025000 08:01 1839257                    /lib/x86_64-linux-gnu/libpng12.so.0.50.0
7facff079000-7facff07a000 r--p 00024000 08:01 1839257                    /lib/x86_64-linux-gnu/libpng12.so.0.50.0
7facff07a000-7facff07b000 rw-p 00025000 08:01 1839257                    /lib/x86_64-linux-gnu/libpng12.so.0.50.0
7facff07b000-7facff11c000 r-xp 00000000 08:01 2893569                    /usr/lib/x86_64-linux-gnu/libpixman-1.so.0.30.2
7facff11c000-7facff31c000 ---p 000a1000 08:01 2893569                    /usr/lib/x86_64-linux-gnu/libpixman-1.so.0.30.2
7facff31c000-7facff323000 r--p 000a1000 08:01 2893569                    /usr/lib/x86_64-linux-gnu/libpixman-1.so.0.30.2
7facff323000-7facff324000 rw-p 000a8000 08:01 2893569                    /usr/lib/x86_64-linux-gnu/libpixman-1.so.0.30.2
7facff324000-7facff341000 r-xp 00000000 08:01 2893833                    /usr/lib/x86_64-linux-gnu/libxcb.so.1.1.0
7facff341000-7facff541000 ---p 0001d000 08:01 2893833                    /usr/lib/x86_64-linux-gnu/libxcb.so.1.1.0
7facff541000-7facff542000 r--p 0001d000 08:01 2893833                    /usr/lib/x86_64-linux-gnu/libxcb.so.1.1.0
7facff542000-7facff543000 rw-p 0001e000 08:01 2893833                    /usr/lib/x86_64-linux-gnu/libxcb.so.1.1.0
7facff543000-7facff5e0000 r-xp 00000000 08:01 2884918                    /usr/lib/x86_64-linux-gnu/libfreetype.so.6.11.1
7facff5e0000-7facff7df000 ---p 0009d000 08:01 2884918                    /usr/lib/x86_64-linux-gnu/libfreetype.so.6.11.1
7facff7df000-7facff7e5000 r--p 0009c000 08:01 2884918                    /usr/lib/x86_64-linux-gnu/libfreetype.so.6.11.1
7facff7e5000-7facff7e6000 rw-p 000a2000 08:01 2884918                    /usr/lib/x86_64-linux-gnu/libfreetype.so.6.11.1
7facff7e6000-7facff7e8000 r-xp 00000000 08:01 2892923                    /usr/lib/x86_64-linux-gnu/libXdamage.so.1.1.0
7facff7e8000-7facff9e7000 ---p 00002000 08:01 2892923                    /usr/lib/x86_64-linux-gnu/libXdamage.so.1.1.0
7facff9e7000-7facff9e8000 r--p 00001000 08:01 2892923                    /usr/lib/x86_64-linux-gnu/libXdamage.so.1.1.0
7facff9e8000-7facff9e9000 rw-p 00002000 08:01 2892923                    /usr/lib/x86_64-linux-gnu/libXdamage.so.1.1.0
7facff9e9000-7facff9eb000 r-xp 00000000 08:01 2892919                    /usr/lib/x86_64-linux-gnu/libXcomposite.so.1.0.0
7facff9eb000-7facffbea000 ---p 00002000 08:01 2892919                    /usr/lib/x86_64-linux-gnu/libXcomposite.so.1.0.0
7facffbea000-7facffbeb000 r--p 00001000 08:01 2892919                    /usr/lib/x86_64-linux-gnu/libXcomposite.so.1.0.0
7facffbeb000-7facffbec000 rw-p 00002000 08:01 2892919                    /usr/lib/x86_64-linux-gnu/libXcomposite.so.1.0.0
7facffbec000-7facffbf5000 r-xp 00000000 08:01 2892921                    /usr/lib/x86_64-linux-gnu/libXcursor.so.1.0.2
7facffbf5000-7facffdf4000 ---p 00009000 08:01 2892921                    /usr/lib/x86_64-linux-gnu/libXcursor.so.1.0.2
7facffdf4000-7facffdf5000 r--p 00008000 08:01 2892921                    /usr/lib/x86_64-linux-gnu/libXcursor.so.1.0.2
7facffdf5000-7facffdf6000 rw-p 00009000 08:01 2892921                    /usr/lib/x86_64-linux-gnu/libXcursor.so.1.0.2
7facffdf6000-7facffdff000 r-xp 00000000 08:01 2892947                    /usr/lib/x86_64-linux-gnu/libXrandr.so.2.2.0
7facffdff000-7facffffe000 ---p 00009000 08:01 2892947                    /usr/lib/x86_64-linux-gnu/libXrandr.so.2.2.0
7facffffe000-7facfffff000 r--p 00008000 08:01 2892947                    /usr/lib/x86_64-linux-gnu/libXrandr.so.2.2.0
7facfffff000-7fad00000000 rw-p 00009000 08:01 2892947                    /usr/lib/x86_64-linux-gnu/libXrandr.so.2.2.0
7fad00000000-7fad00021000 rw-p 00000000 00:00 0 
7fad00021000-7fad04000000 ---p 00000000 00:00 0 
7fad04000000-7fad04001000 r--s 00000000 08:01 793320                     /var/cache/fontconfig/4794a0821666d79190d59a36cb4f44b5-le64.cache-4
7fad04001000-7fad04002000 r--s 00000000 08:01 793663                     /var/cache/fontconfig/56cf4f4769d0f4abc89a4895d7bd3ae1-le64.cache-4
7fad04002000-7fad04008000 r--s 00000000 08:01 793661                     /var/cache/fontconfig/b47c4e1ecd0709278f4910c18777a504-le64.cache-4
7fad04008000-7fad0401b000 r--s 00000000 08:01 793660                     /var/cache/fontconfig/d52a8644073d54c13679302ca1180695-le64.cache-4
7fad0401b000-7fad04023000 r--s 00000000 08:01 792693                     /var/cache/fontconfig/105b9c7e6f0a4f82d8c9b6e39c52c6f9-le64.cache-4
7fad04023000-7fad0402c000 r--s 00000000 08:01 793788                     /var/cache/fontconfig/3f7329c5293ffd510edef78f73874cfd-le64.cache-4
7fad0402c000-7fad04037000 r--s 00000000 08:01 793658                     /var/cache/fontconfig/d589a48862398ed80a3d6066f4f56f4c-le64.cache-4
7fad04037000-7fad04045000 r--s 00000000 08:01 792692                     /var/cache/fontconfig/e13b20fdb08344e0e664864cc2ede53d-le64.cache-4
7fad04045000-7fad04049000 r--s 00000000 08:01 796307                     /var/cache/fontconfig/7ef2298fde41cc6eeb7af42e48b7d293-le64.cache-4
7fad040c9000-7fad040d8000 r-xp 00000000 08:01 2894303                    /usr/lib/x86_64-linux-gnu/libXi.so.6.1.0
7fad040d8000-7fad042d7000 ---p 0000f000 08:01 2894303                    /usr/lib/x86_64-linux-gnu/libXi.so.6.1.0
7fad042d7000-7fad042d8000 r--p 0000e000 08:01 2894303                    /usr/lib/x86_64-linux-gnu/libXi.so.6.1.0
7fad042d8000-7fad042d9000 rw-p 0000f000 08:01 2894303                    /usr/lib/x86_64-linux-gnu/libXi.so.6.1.0
7fad042d9000-7fad042db000 r-xp 00000000 08:01 2892937                    /usr/lib/x86_64-linux-gnu/libXinerama.so.1.0.0
7fad042db000-7fad044da000 ---p 00002000 08:01 2892937                    /usr/lib/x86_64-linux-gnu/libXinerama.so.1.0.0
7fad044da000-7fad044db000 r--p 00001000 08:01 2892937                    /usr/lib/x86_64-linux-gnu/libXinerama.so.1.0.0
7fad044db000-7fad044dc000 rw-p 00002000 08:01 2892937                    /usr/lib/x86_64-linux-gnu/libXinerama.so.1.0.0
7fad044dc000-7fad044e5000 r-xp 00000000 08:01 2896468                    /usr/lib/x86_64-linux-gnu/libXrender.so.1.3.0
7fad044e5000-7fad046e4000 ---p 00009000 08:01 2896468                    /usr/lib/x86_64-linux-gnu/libXrender.so.1.3.0
7fad046e4000-7fad046e5000 r--p 00008000 08:01 2896468                    /usr/lib/x86_64-linux-gnu/libXrender.so.1.3.0
7fad046e5000-7fad046e6000 rw-p 00009000 08:01 2896468                    /usr/lib/x86_64-linux-gnu/libXrender.so.1.3.0
7fad046e6000-7fad046f7000 r-xp 00000000 08:01 2893407                    /usr/lib/x86_64-linux-gnu/libXext.so.6.4.0
7fad046f7000-7fad048f6000 ---p 00011000 08:01 2893407                    /usr/lib/x86_64-linux-gnu/libXext.so.6.4.0
7fad048f6000-7fad048f7000 r--p 00010000 08:01 2893407                    /usr/lib/x86_64-linux-gnu/libXext.so.6.4.0
7fad048f7000-7fad048f8000 rw-p 00011000 08:01 2893407                    /usr/lib/x86_64-linux-gnu/libXext.so.6.4.0
7fad048f8000-7fad049fe000 r-xp 00000000 08:01 1835837                    /lib/x86_64-linux-gnu/libglib-2.0.so.0.4002.0
7fad049fe000-7fad04bfd000 ---p 00106000 08:01 1835837                    /lib/x86_64-linux-gnu/libglib-2.0.so.0.4002.0
7fad04bfd000-7fad04bfe000 r--p 00105000 08:01 1835837                    /lib/x86_64-linux-gnu/libglib-2.0.so.0.4002.0
7fad04bfe000-7fad04bff000 rw-p 00106000 08:01 1835837                    /lib/x86_64-linux-gnu/libglib-2.0.so.0.4002.0
7fad04bff000-7fad04c00000 rw-p 00000000 00:00 0 
7fad04c00000-7fad04c4f000 r-xp 00000000 08:01 2883986                    /usr/lib/x86_64-linux-gnu/libgobject-2.0.so.0.4002.0
7fad04c4f000-7fad04e4f000 ---p 0004f000 08:01 2883986                    /usr/lib/x86_64-linux-gnu/libgobject-2.0.so.0.4002.0
7fad04e4f000-7fad04e50000 r--p 0004f000 08:01 2883986                    /usr/lib/x86_64-linux-gnu/libgobject-2.0.so.0.4002.0
7fad04e50000-7fad04e51000 rw-p 00050000 08:01 2883986                    /usr/lib/x86_64-linux-gnu/libgobject-2.0.so.0.4002.0
7fad04e51000-7fad04e8b000 r-xp 00000000 08:01 2883897                    /usr/lib/x86_64-linux-gnu/libfontconfig.so.1.8.0
7fad04e8b000-7fad0508a000 ---p 0003a000 08:01 2883897                    /usr/lib/x86_64-linux-gnu/libfontconfig.so.1.8.0
7fad0508a000-7fad0508c000 r--p 00039000 08:01 2883897                    /usr/lib/x86_64-linux-gnu/libfontconfig.so.1.8.0
7fad0508c000-7fad0508d000 rw-p 0003b000 08:01 2883897                    /usr/lib/x86_64-linux-gnu/libfontconfig.so.1.8.0
7fad0508d000-7fad050d7000 r-xp 00000000 08:01 2893551                    /usr/lib/x86_64-linux-gnu/libpango-1.0.so.0.3600.3
7fad050d7000-7fad052d7000 ---p 0004a000 08:01 2893551                    /usr/lib/x86_64-linux-gnu/libpango-1.0.so.0.3600.3
7fad052d7000-7fad052d9000 r--p 0004a000 08:01 2893551                    /usr/lib/x86_64-linux-gnu/libpango-1.0.so.0.3600.3
7fad052d9000-7fad052da000 rw-p 0004c000 08:01 2893551                    /usr/lib/x86_64-linux-gnu/libpango-1.0.so.0.3600.3
7fad052da000-7fad052ee000 r-xp 00000000 08:01 2893549                    /usr/lib/x86_64-linux-gnu/libpangoft2-1.0.so.0.3600.3
7fad052ee000-7fad054ed000 ---p 00014000 08:01 2893549                    /usr/lib/x86_64-linux-gnu/libpangoft2-1.0.so.0.3600.3
7fad054ed000-7fad054ee000 r--p 00013000 08:01 2893549                    /usr/lib/x86_64-linux-gnu/libpangoft2-1.0.so.0.3600.3
7fad054ee000-7fad054ef000 rw-p 00014000 08:01 2893549                    /usr/lib/x86_64-linux-gnu/libpangoft2-1.0.so.0.3600.3
7fad054ef000-7fad0565b000 r-xp 00000000 08:01 2883989                    /usr/lib/x86_64-linux-gnu/libgio-2.0.so.0.4002.0
7fad0565b000-7fad0585a000 ---p 0016c000 08:01 2883989                    /usr/lib/x86_64-linux-gnu/libgio-2.0.so.0.4002.0
7fad0585a000-7fad0585e000 r--p 0016b000 08:01 2883989                    /usr/lib/x86_64-linux-gnu/libgio-2.0.so.0.4002.0
7fad0585e000-7fad05860000 rw-p 0016f000 08:01 2883989                    /usr/lib/x86_64-linux-gnu/libgio-2.0.so.0.4002.0
7fad05860000-7fad05862000 rw-p 00000000 00:00 0 
7fad05862000-7fad05882000 r-xp 00000000 08:01 2883834                    /usr/lib/x86_64-linux-gnu/libgdk_pixbuf-2.0.so.0.3000.7
7fad05882000-7fad05a81000 ---p 00020000 08:01 2883834                    /usr/lib/x86_64-linux-gnu/libgdk_pixbuf-2.0.so.0.3000.7
7fad05a81000-7fad05a82000 r--p 0001f000 08:01 2883834                    /usr/lib/x86_64-linux-gnu/libgdk_pixbuf-2.0.so.0.3000.7
7fad05a82000-7fad05a83000 rw-p 00020000 08:01 2883834                    /usr/lib/x86_64-linux-gnu/libgdk_pixbuf-2.0.so.0.3000.7
7fad05a83000-7fad05b89000 r-xp 00000000 08:01 2908941                    /usr/lib/x86_64-linux-gnu/libcairo.so.2.11301.0
7fad05b89000-7fad05d88000 ---p 00106000 08:01 2908941                    /usr/lib/x86_64-linux-gnu/libcairo.so.2.11301.0
7fad05d88000-7fad05d8b000 r--p 00105000 08:01 2908941                    /usr/lib/x86_64-linux-gnu/libcairo.so.2.11301.0
7fad05d8b000-7fad05d8c000 rw-p 00108000 08:01 2908941                    /usr/lib/x86_64-linux-gnu/libcairo.so.2.11301.0
7fad05d8c000-7fad05d8e000 rw-p 00000000 00:00 0 
7fad05d8e000-7fad05dad000 r-xp 00000000 08:01 2893002                    /usr/lib/x86_64-linux-gnu/libatk-1.0.so.0.21009.1
7fad05dad000-7fad05fad000 ---p 0001f000 08:01 2893002                    /usr/lib/x86_64-linux-gnu/libatk-1.0.so.0.21009.1
7fad05fad000-7fad05faf000 r--p 0001f000 08:01 2893002                    /usr/lib/x86_64-linux-gnu/libatk-1.0.so.0.21009.1
7fad05faf000-7fad05fb0000 rw-p 00021000 08:01 2893002                    /usr/lib/x86_64-linux-gnu/libatk-1.0.so.0.21009.1
7fad05fb0000-7fad05fb5000 r-xp 00000000 08:01 2893578                    /usr/lib/x86_64-linux-gnu/libXfixes.so.3.1.0
7fad05fb5000-7fad061b4000 ---p 00005000 08:01 2893578                    /usr/lib/x86_64-linux-gnu/libXfixes.so.3.1.0
7fad061b4000-7fad061b5000 r--p 00004000 08:01 2893578                    /usr/lib/x86_64-linux-gnu/libXfixes.so.3.1.0
7fad061b5000-7fad061b6000 rw-p 00005000 08:01 2893578                    /usr/lib/x86_64-linux-gnu/libXfixes.so.3.1.0
7fad061b6000-7fad062e6000 r-xp 00000000 08:01 2892912                    /usr/lib/x86_64-linux-gnu/libX11.so.6.3.0
7fad062e6000-7fad064e6000 ---p 00130000 08:01 2892912                    /usr/lib/x86_64-linux-gnu/libX11.so.6.3.0
7fad064e6000-7fad064e7000 r--p 00130000 08:01 2892912                    /usr/lib/x86_64-linux-gnu/libX11.so.6.3.0
7fad064e7000-7fad064eb000 rw-p 00131000 08:01 2892912                    /usr/lib/x86_64-linux-gnu/libX11.so.6.3.0
7fad064eb000-7fad064f6000 r-xp 00000000 08:01 2886563                    /usr/lib/x86_64-linux-gnu/libpangocairo-1.0.so.0.3600.3
7fad064f6000-7fad066f6000 ---p 0000b000 08:01 2886563                    /usr/lib/x86_64-linux-gnu/libpangocairo-1.0.so.0.3600.3
7fad066f6000-7fad066f7000 r--p 0000b000 08:01 2886563                    /usr/lib/x86_64-linux-gnu/libpangocairo-1.0.so.0.3600.3
7fad066f7000-7fad066f8000 rw-p 0000c000 08:01 2886563                    /usr/lib/x86_64-linux-gnu/libpangocairo-1.0.so.0.3600.3
7fad066f8000-7fad066fb000 r-xp 00000000 08:01 2883967                    /usr/lib/x86_64-linux-gnu/libgmodule-2.0.so.0.4002.0
7fad066fb000-7fad068fa000 ---p 00003000 08:01 2883967                    /usr/lib/x86_64-linux-gnu/libgmodule-2.0.so.0.4002.0
7fad068fa000-7fad068fb000 r--p 00002000 08:01 2883967                    /usr/lib/x86_64-linux-gnu/libgmodule-2.0.so.0.4002.0
7fad068fb000-7fad068fc000 rw-p 00003000 08:01 2883967                    /usr/lib/x86_64-linux-gnu/libgmodule-2.0.so.0.4002.0
7fad068fc000-7fad069aa000 r-xp 00000000 08:01 2886274                    /usr/lib/x86_64-linux-gnu/libgdk-x11-2.0.so.0.2400.23
7fad069aa000-7fad06ba9000 ---p 000ae000 08:01 2886274                    /usr/lib/x86_64-linux-gnu/libgdk-x11-2.0.so.0.2400.23
7fad06ba9000-7fad06bad000 r--p 000ad000 08:01 2886274                    /usr/lib/x86_64-linux-gnu/libgdk-x11-2.0.so.0.2400.23
7fad06bad000-7fad06baf000 rw-p 000b1000 08:01 2886274                    /usr/lib/x86_64-linux-gnu/libgdk-x11-2.0.so.0.2400.23
7fad06baf000-7fad06bb4000 r-xp 00000000 08:01 2892955                    /usr/lib/x86_64-linux-gnu/libXtst.so.6.1.0
7fad06bb4000-7fad06db3000 ---p 00005000 08:01 2892955                    /usr/lib/x86_64-linux-gnu/libXtst.so.6.1.0
7fad06db3000-7fad06db4000 r--p 00004000 08:01 2892955                    /usr/lib/x86_64-linux-gnu/libXtst.so.6.1.0
7fad06db4000-7fad06db5000 rw-p 00005000 08:01 2892955                    /usr/lib/x86_64-linux-gnu/libXtst.so.6.1.0
7fad06db5000-7fad06db6000 r-xp 00000000 08:01 2883988                    /usr/lib/x86_64-linux-gnu/libgthread-2.0.so.0.4002.0
7fad06db6000-7fad06fb5000 ---p 00001000 08:01 2883988                    /usr/lib/x86_64-linux-gnu/libgthread-2.0.so.0.4002.0
7fad06fb5000-7fad06fb6000 r--p 00000000 08:01 2883988                    /usr/lib/x86_64-linux-gnu/libgthread-2.0.so.0.4002.0
7fad06fb6000-7fad06fb7000 rw-p 00001000 08:01 2883988                    /usr/lib/x86_64-linux-gnu/libgthread-2.0.so.0.4002.0
7fad06fb7000-7fad073e7000 r-xp 00000000 08:01 2886275                    /usr/lib/x86_64-linux-gnu/libgtk-x11-2.0.so.0.2400.23
7fad073e7000-7fad075e6000 ---p 00430000 08:01 2886275                    /usr/lib/x86_64-linux-gnu/libgtk-x11-2.0.so.0.2400.23
7fad075e6000-7fad075ed000 r--p 0042f000 08:01 2886275                    /usr/lib/x86_64-linux-gnu/libgtk-x11-2.0.so.0.2400.23
7fad075ed000-7fad075f1000 rw-p 00436000 08:01 2886275                    /usr/lib/x86_64-linux-gnu/libgtk-x11-2.0.so.0.2400.23
7fad075f1000-7fad075f4000 rw-p 00000000 00:00 0 
7fad075f4000-7fad075f5000 r--s 00000000 08:01 793662                     /var/cache/fontconfig/b9d506c9ac06c20b433354fa67a72993-le64.cache-4
7fad075f5000-7fad075f6000 r--s 00000000 08:01 793657                     /var/cache/fontconfig/0c9eb80ebd1c36541ebe2852d3bb0c49-le64.cache-4
7fad075f6000-7fad07614000 r--s 00000000 08:01 793819                     /var/cache/fontconfig/467c019e582ee353435ea5c21d137ef6-le64.cache-4
7fad07614000-7fad07619000 r--s 0004e000 08:01 2904005                    /usr/lib/jvm/java-7-openjdk-amd64/jre/lib/jsse.jar
7fad07619000-7fad07623000 r--s 000ae000 08:01 2904012                    /usr/lib/jvm/java-7-openjdk-amd64/jre/lib/resources.jar
7fad07623000-7fad0768f000 r-xp 00000000 08:01 136610                     /tmp/swtlib-64/libswt-pi-gtk-3550.so
7fad0768f000-7fad0778e000 ---p 0006c000 08:01 136610                     /tmp/swtlib-64/libswt-pi-gtk-3550.so
7fad0778e000-7fad07791000 rw-p 0006b000 08:01 136610                     /tmp/swtlib-64/libswt-pi-gtk-3550.so
7fad07791000-7fad07793000 rw-p 00000000 00:00 0 
7fad07793000-7fad077d3000 r-xp 00000000 08:01 136478                     /tmp/swtlib-64/libswt-gtk-3550.so
7fad077d3000-7fad078d3000 ---p 00040000 08:01 136478                     /tmp/swtlib-64/libswt-gtk-3550.so
7fad078d3000-7fad078d7000 rw-p 00040000 08:01 136478                     /tmp/swtlib-64/libswt-gtk-3550.so
7fad078d7000-7fad078d8000 rw-p 00000000 00:00 0 
7fad078d8000-7fad078db000 ---p 00000000 00:00 0 
7fad078db000-7fad07911000 rw-p 00000000 00:00 0                          [stack:5099]
7fad07911000-7fad07925000 r--s 0015a000 08:01 3044623                    /opt/android-sdk/tools/lib/x86_64/swt.jar
7fad07925000-7fad07933000 r--s 001b2000 08:01 2766545                    /opt/android-sdk/tools/lib/osgi-4.0.0.jar
7fad07933000-7fad07934000 ---p 00000000 00:00 0 
7fad07934000-7fad07a34000 rw-p 00000000 00:00 0                          [stack:4668]
7fad07a34000-7fad07a37000 ---p 00000000 00:00 0 
7fad07a37000-7fad07b35000 rw-p 00000000 00:00 0                          [stack:4667]
7fad07b35000-7fad07b38000 ---p 00000000 00:00 0 
7fad07b38000-7fad07c36000 rw-p 00000000 00:00 0                          [stack:4666]
7fad07c36000-7fad07c39000 ---p 00000000 00:00 0 
7fad07c39000-7fad07d37000 rw-p 00000000 00:00 0                          [stack:4665]
7fad07d37000-7fad08000000 r--p 00000000 08:01 2891540                    /usr/lib/locale/locale-archive
7fad08000000-7fad08021000 rw-p 00000000 00:00 0 
7fad08021000-7fad0c000000 ---p 00000000 00:00 0 
7fad0c000000-7fad0c002000 r--s 00000000 08:01 796999                     /var/cache/fontconfig/452f1fac34b224105d7acfae3034bcd5-le64.cache-4
7fad0c002000-7fad0c003000 r--s 00000000 08:01 817471                     /var/cache/fontconfig/e0aa53bcfa504e64f87823c16bc01eb6-le64.cache-4
7fad0c003000-7fad0c005000 r--s 00017000 08:01 2766496                    /opt/android-sdk/tools/lib/org-eclipse-equinox-common-3.6.0.jar
7fad0c005000-7fad0c009000 r--s 00017000 08:01 2766540                    /opt/android-sdk/tools/lib/org-eclipse-core-commands-3.6.0.jar
7fad0c009000-7fad0c013000 r--s 0006c000 08:01 2766521                    /opt/android-sdk/tools/lib/sdkuilib.jar
7fad0c013000-7fad0c015000 r--s 0000d000 08:01 2766504                    /opt/android-sdk/tools/lib/commons-codec-1.4.jar
7fad0c015000-7fad0c017000 r--s 0000d000 08:01 2766558                    /opt/android-sdk/tools/lib/commons-logging-1.1.1.jar
7fad0c017000-7fad0c01c000 r--s 00028000 08:01 2766539                    /opt/android-sdk/tools/lib/httpcore-4.1.jar
7fad0c01c000-7fad0c01e000 r--s 00005000 08:01 2766523                    /opt/android-sdk/tools/lib/httpmime-4.1.jar
7fad0c01e000-7fad0c026000 r--s 0004e000 08:01 2766517                    /opt/android-sdk/tools/lib/httpclient-4.1.1.jar
7fad0c026000-7fad0c02d000 r--s 00053000 08:01 2766532                    /opt/android-sdk/tools/lib/commons-compress-1.8.1.jar
7fad0c02d000-7fad0c058000 r--s 001f9000 08:01 2766513                    /opt/android-sdk/tools/lib/guava-17.0.jar
7fad0c058000-7fad0c06d000 r--s 000f1000 08:01 2766502                    /opt/android-sdk/tools/lib/org-eclipse-jface-3.6.2.jar
7fad0c06d000-7fad0c070000 ---p 00000000 00:00 0 
7fad0c070000-7fad0c16e000 rw-p 00000000 00:00 0                          [stack:4664]
7fad0c16e000-7fad0c171000 ---p 00000000 00:00 0 
7fad0c171000-7fad0c26f000 rw-p 00000000 00:00 0                          [stack:4663]
7fad0c26f000-7fad0c272000 ---p 00000000 00:00 0 
7fad0c272000-7fad0c370000 rw-p 00000000 00:00 0                          [stack:4662]
7fad0c370000-7fad0c371000 ---p 00000000 00:00 0 
7fad0c371000-7fad0d000000 rw-p 00000000 00:00 0                          [stack:4661]
7fad0d000000-7fad0d270000 rwxp 00000000 00:00 0 
7fad0d270000-7fad109e9000 rw-p 00000000 00:00 0 
7fad109e9000-7fad14000000 ---p 00000000 00:00 0 
7fad14000000-7fad14001000 r--s 00004000 08:01 2766554                    /opt/android-sdk/tools/lib/swtmenubar.jar
7fad14001000-7fad1400b000 r--s 000a8000 08:01 2766810                    /opt/android-sdk/tools/lib/sdklib.jar
7fad1400b000-7fad14479000 rw-p 00000000 00:00 0 
7fad14479000-7fad1462b000 r--s 01d30000 08:01 2903919                    /usr/lib/jvm/java-7-openjdk-amd64/jre/lib/rt.jar
7fad1462b000-7fad15527000 rw-p 00000000 00:00 0 
7fad15527000-7fad15528000 ---p 00000000 00:00 0 
7fad15528000-7fad15628000 rw-p 00000000 00:00 0                          [stack:4660]
7fad15628000-7fad15629000 ---p 00000000 00:00 0 
7fad15629000-7fad15729000 rw-p 00000000 00:00 0                          [stack:4659]
7fad15729000-7fad1572a000 ---p 00000000 00:00 0 
7fad1572a000-7fad1582a000 rw-p 00000000 00:00 0                          [stack:4658]
7fad1582a000-7fad1582b000 ---p 00000000 00:00 0 
7fad1582b000-7fad15936000 rw-p 00000000 00:00 0                          [stack:4657]
7fad15936000-7fad1597e000 rw-p 00000000 00:00 0 
7fad1597e000-7fad15992000 rw-p 00000000 00:00 0 
7fad15992000-7fad159d4000 rw-p 00000000 00:00 0 
7fad159d4000-7fad159df000 rw-p 00000000 00:00 0 
7fad159df000-7fad15a27000 rw-p 00000000 00:00 0 
7fad15a27000-7fad15a3b000 rw-p 00000000 00:00 0 
7fad15a3b000-7fad15a7c000 rw-p 00000000 00:00 0 
7fad15a7c000-7fad15a86000 rw-p 00000000 00:00 0 
7fad15a86000-7fad15aa7000 rw-p 00000000 00:00 0 
7fad15aa7000-7fad15aa8000 rw-p 00000000 00:00 0 
7fad15aa8000-7fad15ab0000 r-xp 00000000 08:01 2903939                    /usr/lib/jvm/java-7-openjdk-amd64/jre/lib/amd64/libzip.so
7fad15ab0000-7fad15caf000 ---p 00008000 08:01 2903939                    /usr/lib/jvm/java-7-openjdk-amd64/jre/lib/amd64/libzip.so
7fad15caf000-7fad15cb0000 r--p 00007000 08:01 2903939                    /usr/lib/jvm/java-7-openjdk-amd64/jre/lib/amd64/libzip.so
7fad15cb0000-7fad15cb1000 rw-p 00008000 08:01 2903939                    /usr/lib/jvm/java-7-openjdk-amd64/jre/lib/amd64/libzip.so
7fad15cb1000-7fad15cbc000 r-xp 00000000 08:01 1835757                    /lib/x86_64-linux-gnu/libnss_files-2.19.so
7fad15cbc000-7fad15ebb000 ---p 0000b000 08:01 1835757                    /lib/x86_64-linux-gnu/libnss_files-2.19.so
7fad15ebb000-7fad15ebc000 r--p 0000a000 08:01 1835757                    /lib/x86_64-linux-gnu/libnss_files-2.19.so
7fad15ebc000-7fad15ebd000 rw-p 0000b000 08:01 1835757                    /lib/x86_64-linux-gnu/libnss_files-2.19.so
7fad15ebd000-7fad15ec8000 r-xp 00000000 08:01 1835795                    /lib/x86_64-linux-gnu/libnss_nis-2.19.so
7fad15ec8000-7fad160c7000 ---p 0000b000 08:01 1835795                    /lib/x86_64-linux-gnu/libnss_nis-2.19.so
7fad160c7000-7fad160c8000 r--p 0000a000 08:01 1835795                    /lib/x86_64-linux-gnu/libnss_nis-2.19.so
7fad160c8000-7fad160c9000 rw-p 0000b000 08:01 1835795                    /lib/x86_64-linux-gnu/libnss_nis-2.19.so
7fad160c9000-7fad160e0000 r-xp 00000000 08:01 1835772                    /lib/x86_64-linux-gnu/libnsl-2.19.so
7fad160e0000-7fad162df000 ---p 00017000 08:01 1835772                    /lib/x86_64-linux-gnu/libnsl-2.19.so
7fad162df000-7fad162e0000 r--p 00016000 08:01 1835772                    /lib/x86_64-linux-gnu/libnsl-2.19.so
7fad162e0000-7fad162e1000 rw-p 00017000 08:01 1835772                    /lib/x86_64-linux-gnu/libnsl-2.19.so
7fad162e1000-7fad162e3000 rw-p 00000000 00:00 0 
7fad162e3000-7fad162ec000 r-xp 00000000 08:01 1835771                    /lib/x86_64-linux-gnu/libnss_compat-2.19.so
7fad162ec000-7fad164eb000 ---p 00009000 08:01 1835771                    /lib/x86_64-linux-gnu/libnss_compat-2.19.so
7fad164eb000-7fad164ec000 r--p 00008000 08:01 1835771                    /lib/x86_64-linux-gnu/libnss_compat-2.19.so
7fad164ec000-7fad164ed000 rw-p 00009000 08:01 1835771                    /lib/x86_64-linux-gnu/libnss_compat-2.19.so
7fad164ed000-7fad16518000 r-xp 00000000 08:01 2903955                    /usr/lib/jvm/java-7-openjdk-amd64/jre/lib/amd64/libjava.so
7fad16518000-7fad16718000 ---p 0002b000 08:01 2903955                    /usr/lib/jvm/java-7-openjdk-amd64/jre/lib/amd64/libjava.so
7fad16718000-7fad16719000 r--p 0002b000 08:01 2903955                    /usr/lib/jvm/java-7-openjdk-amd64/jre/lib/amd64/libjava.so
7fad16719000-7fad1671b000 rw-p 0002c000 08:01 2903955                    /usr/lib/jvm/java-7-openjdk-amd64/jre/lib/amd64/libjava.so
7fad1671b000-7fad1672b000 r-xp 00000000 08:01 2903983                    /usr/lib/jvm/java-7-openjdk-amd64/jre/lib/amd64/libverify.so
7fad1672b000-7fad1692a000 ---p 00010000 08:01 2903983                    /usr/lib/jvm/java-7-openjdk-amd64/jre/lib/amd64/libverify.so
7fad1692a000-7fad1692c000 r--p 0000f000 08:01 2903983                    /usr/lib/jvm/java-7-openjdk-amd64/jre/lib/amd64/libverify.so
7fad1692c000-7fad1692d000 rw-p 00011000 08:01 2903983                    /usr/lib/jvm/java-7-openjdk-amd64/jre/lib/amd64/libverify.so
7fad1692d000-7fad16934000 r-xp 00000000 08:01 1835789                    /lib/x86_64-linux-gnu/librt-2.19.so
7fad16934000-7fad16b33000 ---p 00007000 08:01 1835789                    /lib/x86_64-linux-gnu/librt-2.19.so
7fad16b33000-7fad16b34000 r--p 00006000 08:01 1835789                    /lib/x86_64-linux-gnu/librt-2.19.so
7fad16b34000-7fad16b35000 rw-p 00007000 08:01 1835789                    /lib/x86_64-linux-gnu/librt-2.19.so
7fad16b35000-7fad16b4b000 r-xp 00000000 08:01 1839117                    /lib/x86_64-linux-gnu/libgcc_s.so.1
7fad16b4b000-7fad16d4a000 ---p 00016000 08:01 1839117                    /lib/x86_64-linux-gnu/libgcc_s.so.1
7fad16d4a000-7fad16d4b000 rw-p 00015000 08:01 1839117                    /lib/x86_64-linux-gnu/libgcc_s.so.1
7fad16d4b000-7fad16e50000 r-xp 00000000 08:01 1835755                    /lib/x86_64-linux-gnu/libm-2.19.so
7fad16e50000-7fad1704f000 ---p 00105000 08:01 1835755                    /lib/x86_64-linux-gnu/libm-2.19.so
7fad1704f000-7fad17050000 r--p 00104000 08:01 1835755                    /lib/x86_64-linux-gnu/libm-2.19.so
7fad17050000-7fad17051000 rw-p 00105000 08:01 1835755                    /lib/x86_64-linux-gnu/libm-2.19.so
7fad17051000-7fad17137000 r-xp 00000000 08:01 2898421                    /usr/lib/x86_64-linux-gnu/libstdc++.so.6.0.19
7fad17137000-7fad17336000 ---p 000e6000 08:01 2898421                    /usr/lib/x86_64-linux-gnu/libstdc++.so.6.0.19
7fad17336000-7fad1733e000 r--p 000e5000 08:01 2898421                    /usr/lib/x86_64-linux-gnu/libstdc++.so.6.0.19
7fad1733e000-7fad17340000 rw-p 000ed000 08:01 2898421                    /usr/lib/x86_64-linux-gnu/libstdc++.so.6.0.19
7fad17340000-7fad17355000 rw-p 00000000 00:00 0 
7fad17355000-7fad17e79000 r-xp 00000000 08:01 2903967                    /usr/lib/jvm/java-7-openjdk-amd64/jre/lib/amd64/server/libjvm.so
7fad17e79000-7fad18078000 ---p 00b24000 08:01 2903967                    /usr/lib/jvm/java-7-openjdk-amd64/jre/lib/amd64/server/libjvm.so
7fad18078000-7fad18112000 r--p 00b23000 08:01 2903967                    /usr/lib/jvm/java-7-openjdk-amd64/jre/lib/amd64/server/libjvm.so
7fad18112000-7fad18135000 rw-p 00bbd000 08:01 2903967                    /usr/lib/jvm/java-7-openjdk-amd64/jre/lib/amd64/server/libjvm.so
7fad18135000-7fad18163000 rw-p 00000000 00:00 0 
7fad18163000-7fad1817b000 r-xp 00000000 08:01 1839303                    /lib/x86_64-linux-gnu/libz.so.1.2.8
7fad1817b000-7fad1837a000 ---p 00018000 08:01 1839303                    /lib/x86_64-linux-gnu/libz.so.1.2.8
7fad1837a000-7fad1837b000 r--p 00017000 08:01 1839303                    /lib/x86_64-linux-gnu/libz.so.1.2.8
7fad1837b000-7fad1837c000 rw-p 00018000 08:01 1839303                    /lib/x86_64-linux-gnu/libz.so.1.2.8
7fad1837c000-7fad18395000 r-xp 00000000 08:01 1835785                    /lib/x86_64-linux-gnu/libpthread-2.19.so
7fad18395000-7fad18594000 ---p 00019000 08:01 1835785                    /lib/x86_64-linux-gnu/libpthread-2.19.so
7fad18594000-7fad18595000 r--p 00018000 08:01 1835785                    /lib/x86_64-linux-gnu/libpthread-2.19.so
7fad18595000-7fad18596000 rw-p 00019000 08:01 1835785                    /lib/x86_64-linux-gnu/libpthread-2.19.so
7fad18596000-7fad1859a000 rw-p 00000000 00:00 0 
7fad1859a000-7fad1859d000 r-xp 00000000 08:01 1835765                    /lib/x86_64-linux-gnu/libdl-2.19.so
7fad1859d000-7fad1879c000 ---p 00003000 08:01 1835765                    /lib/x86_64-linux-gnu/libdl-2.19.so
7fad1879c000-7fad1879d000 r--p 00002000 08:01 1835765                    /lib/x86_64-linux-gnu/libdl-2.19.so
7fad1879d000-7fad1879e000 rw-p 00003000 08:01 1835765                    /lib/x86_64-linux-gnu/libdl-2.19.so
7fad1879e000-7fad18959000 r-xp 00000000 08:01 1835783                    /lib/x86_64-linux-gnu/libc-2.19.so
7fad18959000-7fad18b58000 ---p 001bb000 08:01 1835783                    /lib/x86_64-linux-gnu/libc-2.19.so
7fad18b58000-7fad18b5c000 r--p 001ba000 08:01 1835783                    /lib/x86_64-linux-gnu/libc-2.19.so
7fad18b5c000-7fad18b5e000 rw-p 001be000 08:01 1835783                    /lib/x86_64-linux-gnu/libc-2.19.so
7fad18b5e000-7fad18b63000 rw-p 00000000 00:00 0 
7fad18b63000-7fad18b70000 r-xp 00000000 08:01 2903985                    /usr/lib/jvm/java-7-openjdk-amd64/jre/lib/amd64/jli/libjli.so
7fad18b70000-7fad18d6f000 ---p 0000d000 08:01 2903985                    /usr/lib/jvm/java-7-openjdk-amd64/jre/lib/amd64/jli/libjli.so
7fad18d6f000-7fad18d70000 r--p 0000c000 08:01 2903985                    /usr/lib/jvm/java-7-openjdk-amd64/jre/lib/amd64/jli/libjli.so
7fad18d70000-7fad18d71000 rw-p 0000d000 08:01 2903985                    /usr/lib/jvm/java-7-openjdk-amd64/jre/lib/amd64/jli/libjli.so
7fad18d71000-7fad18d94000 r-xp 00000000 08:01 1835777                    /lib/x86_64-linux-gnu/ld-2.19.so
7fad18d94000-7fad18d99000 r--s 0002a000 08:01 2766544                    /opt/android-sdk/tools/lib/gson-2.2.4.jar
7fad18d99000-7fad18d9a000 r--s 00004000 08:01 2766808                    /opt/android-sdk/tools/lib/dvlib.jar
7fad18d9a000-7fad18d9b000 r--s 00004000 08:01 2766559                    /opt/android-sdk/tools/lib/annotations-12.0.jar
7fad18d9b000-7fad18d9c000 r--s 0000a000 08:01 2766546                    /opt/android-sdk/tools/lib/kxml2-2.3.0.jar
7fad18d9c000-7fad18da6000 rw-p 00000000 00:00 0 
7fad18da6000-7fad18e5c000 rw-p 00000000 00:00 0 
7fad18e5c000-7fad18e5f000 ---p 00000000 00:00 0 
7fad18e5f000-7fad18f62000 rw-p 00000000 00:00 0                          [stack:4656]
7fad18f62000-7fad18f65000 r--s 00012000 08:01 2766511                    /opt/android-sdk/tools/lib/layoutlib-api.jar
7fad18f65000-7fad18f67000 r--s 00000000 08:01 2766537                    /opt/android-sdk/tools/lib/annotations.jar
7fad18f67000-7fad18f69000 r--s 00014000 08:01 2766525                    /opt/android-sdk/tools/lib/common.jar
7fad18f69000-7fad18f6a000 r--s 00007000 08:01 2766503                    /opt/android-sdk/tools/lib/sdkmanager.jar
7fad18f6a000-7fad18f6d000 r--s 0000f000 08:01 2903907                    /usr/lib/jvm/java-7-openjdk-amd64/jre/lib/ext/icedtea-sound.jar
7fad18f6d000-7fad18f6f000 r--s 00012000 08:01 2903903                    /usr/lib/jvm/java-7-openjdk-amd64/jre/lib/ext/zipfs.jar
7fad18f6f000-7fad18f73000 r--s 00034000 08:01 2903909                    /usr/lib/jvm/java-7-openjdk-amd64/jre/lib/ext/sunjce_provider.jar
7fad18f73000-7fad18f74000 r--s 00002000 08:01 2903913                    /usr/lib/jvm/java-7-openjdk-amd64/jre/lib/ext/dnsns.jar
7fad18f74000-7fad18f78000 r--s 0003c000 08:01 2903911                    /usr/lib/jvm/java-7-openjdk-amd64/jre/lib/ext/sunpkcs11.jar
7fad18f78000-7fad18f7a000 r--s 00006000 08:01 11145                      /usr/share/java/java-atk-wrapper.jar
7fad18f7a000-7fad18f7e000 r--s 00085000 08:01 2903905                    /usr/lib/jvm/java-7-openjdk-amd64/jre/lib/ext/localedata.jar
7fad18f7e000-7fad18f87000 rw-p 00000000 00:00 0 
7fad18f87000-7fad18f8f000 rw-s 00000000 08:01 136394                     /tmp/hsperfdata_sahil/4613
7fad18f8f000-7fad18f90000 rw-p 00000000 00:00 0 
7fad18f90000-7fad18f91000 r--p 00000000 00:00 0 
7fad18f91000-7fad18f93000 rw-p 00000000 00:00 0 
7fad18f93000-7fad18f94000 r--p 00022000 08:01 1835777                    /lib/x86_64-linux-gnu/ld-2.19.so
7fad18f94000-7fad18f95000 rw-p 00023000 08:01 1835777                    /lib/x86_64-linux-gnu/ld-2.19.so
7fad18f95000-7fad18f96000 rw-p 00000000 00:00 0 
7ffed176f000-7ffed1791000 rw-p 00000000 00:00 0                          [stack]
7ffed17ab000-7ffed17ad000 r-xp 00000000 00:00 0                          [vdso]
ffffffffff600000-ffffffffff601000 r-xp 00000000 00:00 0                  [vsyscall]

VM Arguments:
jvm_args: -Xmx256M -Dcom.android.sdkmanager.toolsdir=/opt/android-sdk/tools 
java_command: com.android.sdkmanager.Main avd
Launcher Type: SUN_STANDARD

Environment Variables:
JAVA_HOME=/usr/lib/jvm/default-java
PATH=/usr/local/heroku/bin:/opt/Qt5.4.0/5.4.0/gcc/bin:/usr/local/sbin:/usr/local/bin:/usr/sbin:/usr/bin:/sbin:/bin:/usr/games:/usr/local/games:/home/sahil/my/New Folder/prog/android-sdk-linux/tools:/home/sahil/my/New Folder/prog/android-sdk-linux/platform-tools:/opt/android-sdk/tools:/opt/android-sdk/platform-tools:/opt/node/bin:/opt/android-sdk/tools:/opt/android-sdk/platform-tools:/opt/node/bin:/opt/android-sdk/tools:/opt/android-sdk/platform-tools:/opt/node/bin:/home/sahil/my/New Folder/prog/android-sdk-linux/tools:/home/sahil/my/New Folder/prog/android-sdk-linux/platform-tools
SHELL=/bin/bash
DISPLAY=:0

Signal Handlers:
SIGSEGV: [libjvm.so+0x954820], sa_mask[0]=0x7ffbfeff, sa_flags=0x10000004
SIGBUS: [libjvm.so+0x954820], sa_mask[0]=0x7ffbfeff, sa_flags=0x10000004
SIGFPE: [libjvm.so+0x7cb150], sa_mask[0]=0x7ffbfeff, sa_flags=0x10000004
SIGPIPE: SIG_IGN, sa_mask[0]=0x00001000, sa_flags=0x10000000
SIGXFSZ: [libjvm.so+0x7cb150], sa_mask[0]=0x7ffbfeff, sa_flags=0x10000004
SIGILL: [libjvm.so+0x7cb150], sa_mask[0]=0x7ffbfeff, sa_flags=0x10000004
SIGUSR1: SIG_DFL, sa_mask[0]=0x00000000, sa_flags=0x00000000
SIGUSR2: [libjvm.so+0x7caff0], sa_mask[0]=0x00000000, sa_flags=0x10000004
SIGHUP: [libjvm.so+0x7cb1d0], sa_mask[0]=0x7ffbfeff, sa_flags=0x10000004
SIGINT: [libjvm.so+0x7cb1d0], sa_mask[0]=0x7ffbfeff, sa_flags=0x10000004
SIGTERM: [libjvm.so+0x7cb1d0], sa_mask[0]=0x7ffbfeff, sa_flags=0x10000004
SIGQUIT: [libjvm.so+0x7cb1d0], sa_mask[0]=0x7ffbfeff, sa_flags=0x10000004
SIGTRAP: SIG_DFL, sa_mask[0]=0x00000000, sa_flags=0x00000000


---------------  S Y S T E M  ---------------

OS:Ubuntu 14.04 (trusty)
uname:Linux 3.13.0-67-generic #110-Ubuntu SMP Fri Oct 23 13:24:41 UTC 2015 x86_64
libc:glibc 2.19 NPTL 2.19 
rlimit: STACK 8192k, CORE 0k, NPROC 29606, NOFILE 4096, AS infinity
load average:0.66 1.02 0.57

/proc/meminfo:
MemTotal:        3818956 kB
MemFree:          421484 kB
Buffers:          337108 kB
Cached:          1532096 kB
SwapCached:            0 kB
Active:          1583808 kB
Inactive:        1519932 kB
Active(anon):    1236788 kB
Inactive(anon):   166340 kB
Active(file):     347020 kB
Inactive(file):  1353592 kB
Unevictable:          64 kB
Mlocked:              64 kB
SwapTotal:       3906556 kB
SwapFree:        3906556 kB
Dirty:            409508 kB
Writeback:             0 kB
AnonPages:       1234908 kB
Mapped:           434080 kB
Shmem:            168300 kB
Slab:             170968 kB
SReclaimable:     131032 kB
SUnreclaim:        39936 kB
KernelStack:        4592 kB
PageTables:        40852 kB
NFS_Unstable:          0 kB
Bounce:                0 kB
WritebackTmp:          0 kB
CommitLimit:     5816032 kB
Committed_AS:    6063676 kB
VmallocTotal:   34359738367 kB
VmallocUsed:      580904 kB
VmallocChunk:   34359152636 kB
HardwareCorrupted:     0 kB
AnonHugePages:    251904 kB
HugePages_Total:       0
HugePages_Free:        0
HugePages_Rsvd:        0
HugePages_Surp:        0
Hugepagesize:       2048 kB
DirectMap4k:      137920 kB
DirectMap2M:     3825664 kB
DirectMap1G:           0 kB


CPU:total 4 (2 cores per cpu, 2 threads per core) family 6 model 69 stepping 1, cmov, cx8, fxsr, mmx, sse, sse2, sse3, ssse3, sse4.1, sse4.2, popcnt, avx, avx2, aes, erms, ht, tsc, tscinvbit

/proc/cpuinfo:
processor	: 0
vendor_id	: GenuineIntel
cpu family	: 6
model		: 69
model name	: Intel(R) Core(TM) i5-4200U CPU @ 1.60GHz
stepping	: 1
microcode	: 0x14
cpu MHz		: 759.000
cache size	: 3072 KB
physical id	: 0
siblings	: 4
core id		: 0
cpu cores	: 2
apicid		: 0
initial apicid	: 0
fpu		: yes
fpu_exception	: yes
cpuid level	: 13
wp		: yes
flags		: fpu vme de pse tsc msr pae mce cx8 apic sep mtrr pge mca cmov pat pse36 clflush dts acpi mmx fxsr sse sse2 ss ht tm pbe syscall nx pdpe1gb rdtscp lm constant_tsc arch_perfmon pebs bts rep_good nopl xtopology nonstop_tsc aperfmperf eagerfpu pni pclmulqdq dtes64 monitor ds_cpl vmx est tm2 ssse3 fma cx16 xtpr pdcm pcid sse4_1 sse4_2 movbe popcnt tsc_deadline_timer aes xsave avx f16c rdrand lahf_lm abm ida arat epb xsaveopt pln pts dtherm tpr_shadow vnmi flexpriority ept vpid fsgsbase tsc_adjust bmi1 avx2 smep bmi2 erms invpcid
bogomips	: 4589.74
clflush size	: 64
cache_alignment	: 64
address sizes	: 39 bits physical, 48 bits virtual
power management:

processor	: 1
vendor_id	: GenuineIntel
cpu family	: 6
model		: 69
model name	: Intel(R) Core(TM) i5-4200U CPU @ 1.60GHz
stepping	: 1
microcode	: 0x14
cpu MHz		: 1200.000
cache size	: 3072 KB
physical id	: 0
siblings	: 4
core id		: 0
cpu cores	: 2
apicid		: 1
initial apicid	: 1
fpu		: yes
fpu_exception	: yes
cpuid level	: 13
wp		: yes
flags		: fpu vme de pse tsc msr pae mce cx8 apic sep mtrr pge mca cmov pat pse36 clflush dts acpi mmx fxsr sse sse2 ss ht tm pbe syscall nx pdpe1gb rdtscp lm constant_tsc arch_perfmon pebs bts rep_good nopl xtopology nonstop_tsc aperfmperf eagerfpu pni pclmulqdq dtes64 monitor ds_cpl vmx est tm2 ssse3 fma cx16 xtpr pdcm pcid sse4_1 sse4_2 movbe popcnt tsc_deadline_timer aes xsave avx f16c rdrand lahf_lm abm ida arat epb xsaveopt pln pts dtherm tpr_shadow vnmi flexpriority ept vpid fsgsbase tsc_adjust bmi1 avx2 smep bmi2 erms invpcid
bogomips	: 4589.74
clflush size	: 64
cache_alignment	: 64
address sizes	: 39 bits physical, 48 bits virtual
power management:

processor	: 2
vendor_id	: GenuineIntel
cpu family	: 6
model		: 69
model name	: Intel(R) Core(TM) i5-4200U CPU @ 1.60GHz
stepping	: 1
microcode	: 0x14
cpu MHz		: 759.000
cache size	: 3072 KB
physical id	: 0
siblings	: 4
core id		: 1
cpu cores	: 2
apicid		: 2
initial apicid	: 2
fpu		: yes
fpu_exception	: yes
cpuid level	: 13
wp		: yes
flags		: fpu vme de pse tsc msr pae mce cx8 apic sep mtrr pge mca cmov pat pse36 clflush dts acpi mmx fxsr sse sse2 ss ht tm pbe syscall nx pdpe1gb rdtscp lm constant_tsc arch_perfmon pebs bts rep_good nopl xtopology nonstop_tsc aperfmperf eagerfpu pni pclmulqdq dtes64 monitor ds_cpl vmx est tm2 ssse3 fma cx16 xtpr pdcm pcid sse4_1 sse4_2 movbe popcnt tsc_deadline_timer aes xsave avx f16c rdrand lahf_lm abm ida arat epb xsaveopt pln pts dtherm tpr_shadow vnmi flexpriority ept vpid fsgsbase tsc_adjust bmi1 avx2 smep bmi2 erms invpcid
bogomips	: 4589.74
clflush size	: 64
cache_alignment	: 64
address sizes	: 39 bits physical, 48 bits virtual
power management:

processor	: 3
vendor_id	: GenuineIntel
cpu family	: 6
model		: 69
model name	: Intel(R) Core(TM) i5-4200U CPU @ 1.60GHz
stepping	: 1
microcode	: 0x14
cpu MHz		: 1600.000
cache size	: 3072 KB
physical id	: 0
siblings	: 4
core id		: 1
cpu cores	: 2
apicid		: 3
initial apicid	: 3
fpu		: yes
fpu_exception	: yes
cpuid level	: 13
wp		: yes
flags		: fpu vme de pse tsc msr pae mce cx8 apic sep mtrr pge mca cmov pat pse36 clflush dts acpi mmx fxsr sse sse2 ss ht tm pbe syscall nx pdpe1gb rdtscp lm constant_tsc arch_perfmon pebs bts rep_good nopl xtopology nonstop_tsc aperfmperf eagerfpu pni pclmulqdq dtes64 monitor ds_cpl vmx est tm2 ssse3 fma cx16 xtpr pdcm pcid sse4_1 sse4_2 movbe popcnt tsc_deadline_timer aes xsave avx f16c rdrand lahf_lm abm ida arat epb xsaveopt pln pts dtherm tpr_shadow vnmi flexpriority ept vpid fsgsbase tsc_adjust bmi1 avx2 smep bmi2 erms invpcid
bogomips	: 4589.74
clflush size	: 64
cache_alignment	: 64
address sizes	: 39 bits physical, 48 bits virtual
power management:



Memory: 4k page, physical 3818956k(421484k free), swap 3906556k(3906556k free)

vm_info: OpenJDK 64-Bit Server VM (24.85-b03) for linux-amd64 JRE (1.7.0_85-b01), built on Oct 22 2015 06:46:50 by "buildd" with gcc 4.8.2

time: Tue Nov 10 15:29:30 2015
elapsed time: 85 seconds

